[4m[1m[34mCheck if supported: andw_r16_r16[0m
[4m[1m[34mcreatespec andw_r16_r16: kproveSpecs//x86-semantics_andw_r16_r16_spec.k[0m
[4m[1m[34mandw_r16_r16: Check if May == Must[0m
Passed:[4m[1m[92mequal[0m
Warn: [4m[1m[35m[getSpecCode] Undef Present: andw_r16_r16[0m
Undef Set
af -> 1

Circuit: andb %ch, %bh
%pf -> 1
%bh -> 1
%cf -> 1
%of -> 1
%zf -> 1
%ch -> 1
%sf -> 1
%af -> 1

Circuit: andb %cl, %bl
%pf -> 1
%cl -> 1
%bl -> 1
%cf -> 1
%of -> 1
%sf -> 1
%zf -> 1
%af -> 1

Circuit: orw %bx, %bx
%bx -> 1
%af -> 1
%sf -> 1
%zf -> 1
%of -> 1
%cf -> 1
%pf -> 1

Total Circuit
PF -> 1
RBX -> 1
SF -> 1
OF -> 1
RCX -> 1
AF -> 1
ZF -> 1
CF -> 1

Target
CF -> 1
OF -> 1
RCX -> 1
AF -> 1
ZF -> 1
PF -> 1
SF -> 1
RBX -> 1

[4m[1m[34mkprove andw_r16_r16[0m
time krun --prove kproveSpecs//x86-semantics_andw_r16_r16_spec.k ~/Junk/dummy.k  --smt_prelude /home/sdasgup3/Github/k/k-distribution/include/z3/basic.smt2 1>kproveOutput//x86-semantics_andw_r16_r16_spec.output 2>&1 
[4m[1m[34mprocessSpecOutput andw_r16_r16[0m
[4m[1m[34mIn processSpecOutput[0m
Using kproveOutput//x86-semantics_andw_r16_r16_spec.output
[4m[1m[34mOut processSpecOutput[0m
[4m[1m[34msanitizeSpecOutput andw_r16_r16[0m
[4m[1m[34mIn sanitizeSpecOutput[0m
[4m[1m[34mandw_r16_r16: Check if May == Must[0m
Passed:[4m[1m[92mequal[0m
[4m[1m[34mOut sanitizeSpecOutput[0m
[4m[1m[34mwriteKDefn andw_r16_r16: derivedInstructions//x86-andw_r16_r16.k[0m
/home/sdasgup3/Install/strata/stoke/bin/stoke_debug_circuit  --strata_path /home/sdasgup3/Github/strata-data/circuits/ --code "andw %cx, %bx" 1>/tmp/yyy 2>&1 

[4m[1m[34mCheck if supported: cmovaew_r16_r16[0m
[4m[1m[34mcreatespec cmovaew_r16_r16: kproveSpecs//x86-semantics_cmovaew_r16_r16_spec.k[0m
[4m[1m[34mcmovaew_r16_r16: Check if May == Must[0m
Warn: [4m[1m[35mMay Write bx does not belong to Must Write: cmovaew_r16_r16[0m
Circuit: movzwq %cx, %r13
%cx -> 1
%r13 -> 1

Circuit: cmovnbw %r13w, %bx
%bx -> 1
%cf -> 1
cmov -> 1
%r13w -> 1

Total Circuit
RBX -> 1
RCX -> 1
R13 -> 1
 -> 1
CF -> 1

Target
CF -> 1
 -> 1
RBX -> 1
RCX -> 1

[4m[1m[34mkprove cmovaew_r16_r16[0m
time krun --prove kproveSpecs//x86-semantics_cmovaew_r16_r16_spec.k ~/Junk/dummy.k  --smt_prelude /home/sdasgup3/Github/k/k-distribution/include/z3/basic.smt2 1>kproveOutput//x86-semantics_cmovaew_r16_r16_spec.output 2>&1 
[4m[1m[34mprocessSpecOutput cmovaew_r16_r16[0m
[4m[1m[34mIn processSpecOutput[0m
Using kproveOutput//x86-semantics_cmovaew_r16_r16_spec.output
[4m[1m[34mOut processSpecOutput[0m
[4m[1m[34msanitizeSpecOutput cmovaew_r16_r16[0m
[4m[1m[34mIn sanitizeSpecOutput[0m
[4m[1m[34mcmovaew_r16_r16: Check if May == Must[0m
Warn: [4m[1m[35mMay Write RBX does not belong to Must Write: cmovaew_r16_r16[0m
[4m[1m[34mOut sanitizeSpecOutput[0m
[4m[1m[34mwriteKDefn cmovaew_r16_r16: derivedInstructions//x86-cmovaew_r16_r16.k[0m
/home/sdasgup3/Install/strata/stoke/bin/stoke_debug_circuit  --strata_path /home/sdasgup3/Github/strata-data/circuits/ --code "cmovaew %cx, %bx" 1>/tmp/yyy 2>&1 

[4m[1m[34mCheck if supported: cmovgeq_r64_r64[0m
[4m[1m[34mcreatespec cmovgeq_r64_r64: kproveSpecs//x86-semantics_cmovgeq_r64_r64_spec.k[0m
[4m[1m[34mcmovgeq_r64_r64: Check if May == Must[0m
Warn: [4m[1m[35mMay Write rbx does not belong to Must Write: cmovgeq_r64_r64[0m
Circuit: setnge %dh
%sf -> 1
%of -> 1
%dh -> 1

Circuit: negb %dh
%pf -> 1
%dh -> 1
%cf -> 1
%af -> 1
%zf -> 1
%sf -> 1
%of -> 1

Circuit: cmovaw %cx, %cx
cmov -> 1
%zf -> 1
%cf -> 1
%cx -> 1

Circuit: cmovaeq %rcx, %rbx
cmov -> 1
%rcx -> 1
%cf -> 1
%rbx -> 1

Total Circuit
CF -> 1
 -> 1
PF -> 1
RDX -> 1
SF -> 1
RBX -> 1
RCX -> 1
OF -> 1
ZF -> 1
AF -> 1

Target
RCX -> 1
OF -> 1
SF -> 1
RBX -> 1
 -> 1

[4m[1m[34mkprove cmovgeq_r64_r64[0m
time krun --prove kproveSpecs//x86-semantics_cmovgeq_r64_r64_spec.k ~/Junk/dummy.k  --smt_prelude /home/sdasgup3/Github/k/k-distribution/include/z3/basic.smt2 1>kproveOutput//x86-semantics_cmovgeq_r64_r64_spec.output 2>&1 
[4m[1m[34mprocessSpecOutput cmovgeq_r64_r64[0m
[4m[1m[34mIn processSpecOutput[0m
Using kproveOutput//x86-semantics_cmovgeq_r64_r64_spec.output
[4m[1m[34mOut processSpecOutput[0m
[4m[1m[34msanitizeSpecOutput cmovgeq_r64_r64[0m
[4m[1m[34mIn sanitizeSpecOutput[0m
[4m[1m[34mcmovgeq_r64_r64: Check if May == Must[0m
Warn: [4m[1m[35mMay Write RBX does not belong to Must Write: cmovgeq_r64_r64[0m
[4m[1m[34mOut sanitizeSpecOutput[0m
[4m[1m[34mwriteKDefn cmovgeq_r64_r64: derivedInstructions//x86-cmovgeq_r64_r64.k[0m
/home/sdasgup3/Install/strata/stoke/bin/stoke_debug_circuit  --strata_path /home/sdasgup3/Github/strata-data/circuits/ --code "cmovgeq %rcx, %rbx" 1>/tmp/yyy 2>&1 

[4m[1m[34mCheck if supported: cmovgw_r16_r16[0m
[4m[1m[34mcreatespec cmovgw_r16_r16: kproveSpecs//x86-semantics_cmovgw_r16_r16_spec.k[0m
[4m[1m[34mcmovgw_r16_r16: Check if May == Must[0m
Warn: [4m[1m[35mMay Write bx does not belong to Must Write: cmovgw_r16_r16[0m
Circuit: cmovlew %bx, %cx
%cx -> 1
%bx -> 1
%sf -> 1
%zf -> 1
%of -> 1
cmov -> 1

Circuit: xaddw %bx, %cx
%of -> 1
%zf -> 1
%sf -> 1
%af -> 1
%bx -> 1
%cx -> 1
%cf -> 1
%pf -> 1

Total Circuit
OF -> 1
RCX -> 1
AF -> 1
ZF -> 1
PF -> 1
SF -> 1
RBX -> 1
 -> 1
CF -> 1

Target
SF -> 1
RBX -> 1
RCX -> 1
OF -> 1
ZF -> 1
 -> 1

[4m[1m[34mkprove cmovgw_r16_r16[0m
time krun --prove kproveSpecs//x86-semantics_cmovgw_r16_r16_spec.k ~/Junk/dummy.k  --smt_prelude /home/sdasgup3/Github/k/k-distribution/include/z3/basic.smt2 1>kproveOutput//x86-semantics_cmovgw_r16_r16_spec.output 2>&1 
[4m[1m[34mprocessSpecOutput cmovgw_r16_r16[0m
[4m[1m[34mIn processSpecOutput[0m
Using kproveOutput//x86-semantics_cmovgw_r16_r16_spec.output
[4m[1m[34mOut processSpecOutput[0m
[4m[1m[34msanitizeSpecOutput cmovgw_r16_r16[0m
[4m[1m[34mIn sanitizeSpecOutput[0m
[4m[1m[34mcmovgw_r16_r16: Check if May == Must[0m
Warn: [4m[1m[35mMay Write RBX does not belong to Must Write: cmovgw_r16_r16[0m
[4m[1m[34mOut sanitizeSpecOutput[0m
[4m[1m[34mwriteKDefn cmovgw_r16_r16: derivedInstructions//x86-cmovgw_r16_r16.k[0m
/home/sdasgup3/Install/strata/stoke/bin/stoke_debug_circuit  --strata_path /home/sdasgup3/Github/strata-data/circuits/ --code "cmovgw %cx, %bx" 1>/tmp/yyy 2>&1 

[4m[1m[34mCheck if supported: cmovlel_r32_r32[0m
[4m[1m[34mcreatespec cmovlel_r32_r32: kproveSpecs//x86-semantics_cmovlel_r32_r32_spec.k[0m
[4m[1m[34mcmovlel_r32_r32: Check if May == Must[0m
Warn: [4m[1m[35mMay Write rbx does not belong to Must Write: cmovlel_r32_r32[0m
Circuit: cmovngl %ecx, %ebx
cmov -> 1
%ebx -> 1
%of -> 1
%zf -> 1
%sf -> 1
%rbx -> 1
%ecx -> 1

Total Circuit
ZF -> 1
OF -> 1
RCX -> 1
RBX -> 1
SF -> 1
 -> 1

Target
SF -> 1
RBX -> 1
ZF -> 1
RCX -> 1
OF -> 1
 -> 1

[4m[1m[34mkprove cmovlel_r32_r32[0m
time krun --prove kproveSpecs//x86-semantics_cmovlel_r32_r32_spec.k ~/Junk/dummy.k  --smt_prelude /home/sdasgup3/Github/k/k-distribution/include/z3/basic.smt2 1>kproveOutput//x86-semantics_cmovlel_r32_r32_spec.output 2>&1 
[4m[1m[34mprocessSpecOutput cmovlel_r32_r32[0m
[4m[1m[34mIn processSpecOutput[0m
Using kproveOutput//x86-semantics_cmovlel_r32_r32_spec.output
[4m[1m[34mOut processSpecOutput[0m
[4m[1m[34msanitizeSpecOutput cmovlel_r32_r32[0m
[4m[1m[34mIn sanitizeSpecOutput[0m
[4m[1m[34mcmovlel_r32_r32: Check if May == Must[0m
Warn: [4m[1m[35mMay Write RBX does not belong to Must Write: cmovlel_r32_r32[0m
[4m[1m[34mOut sanitizeSpecOutput[0m
[4m[1m[34mwriteKDefn cmovlel_r32_r32: derivedInstructions//x86-cmovlel_r32_r32.k[0m
/home/sdasgup3/Install/strata/stoke/bin/stoke_debug_circuit  --strata_path /home/sdasgup3/Github/strata-data/circuits/ --code "cmovlel %ecx, %ebx" 1>/tmp/yyy 2>&1 

[4m[1m[34mCheck if supported: cmovnaw_r16_r16[0m
[4m[1m[34mcreatespec cmovnaw_r16_r16: kproveSpecs//x86-semantics_cmovnaw_r16_r16_spec.k[0m
[4m[1m[34mcmovnaw_r16_r16: Check if May == Must[0m
Warn: [4m[1m[35mMay Write bx does not belong to Must Write: cmovnaw_r16_r16[0m
Circuit: cmovbew %cx, %bx
%cx -> 1
%cf -> 1
%bx -> 1
%zf -> 1
cmov -> 1

Total Circuit
RBX -> 1
RCX -> 1
ZF -> 1
 -> 1
CF -> 1

Target
 -> 1
CF -> 1
RBX -> 1
ZF -> 1
RCX -> 1

[4m[1m[34mkprove cmovnaw_r16_r16[0m
time krun --prove kproveSpecs//x86-semantics_cmovnaw_r16_r16_spec.k ~/Junk/dummy.k  --smt_prelude /home/sdasgup3/Github/k/k-distribution/include/z3/basic.smt2 1>kproveOutput//x86-semantics_cmovnaw_r16_r16_spec.output 2>&1 
[4m[1m[34mprocessSpecOutput cmovnaw_r16_r16[0m
[4m[1m[34mIn processSpecOutput[0m
Using kproveOutput//x86-semantics_cmovnaw_r16_r16_spec.output
[4m[1m[34mOut processSpecOutput[0m
[4m[1m[34msanitizeSpecOutput cmovnaw_r16_r16[0m
[4m[1m[34mIn sanitizeSpecOutput[0m
[4m[1m[34mcmovnaw_r16_r16: Check if May == Must[0m
Warn: [4m[1m[35mMay Write RBX does not belong to Must Write: cmovnaw_r16_r16[0m
[4m[1m[34mOut sanitizeSpecOutput[0m
[4m[1m[34mwriteKDefn cmovnaw_r16_r16: derivedInstructions//x86-cmovnaw_r16_r16.k[0m
/home/sdasgup3/Install/strata/stoke/bin/stoke_debug_circuit  --strata_path /home/sdasgup3/Github/strata-data/circuits/ --code "cmovnaw %cx, %bx" 1>/tmp/yyy 2>&1 

[4m[1m[34mCheck if supported: cmovnbew_r16_r16[0m
[4m[1m[34mcreatespec cmovnbew_r16_r16: kproveSpecs//x86-semantics_cmovnbew_r16_r16_spec.k[0m
[4m[1m[34mcmovnbew_r16_r16: Check if May == Must[0m
Warn: [4m[1m[35mMay Write bx does not belong to Must Write: cmovnbew_r16_r16[0m
Circuit: cmovaw %cx, %bx
cmov -> 1
%zf -> 1
%bx -> 1
%cf -> 1
%cx -> 1

Total Circuit
RBX -> 1
ZF -> 1
RCX -> 1
 -> 1
CF -> 1

Target
 -> 1
CF -> 1
RCX -> 1
ZF -> 1
RBX -> 1

[4m[1m[34mkprove cmovnbew_r16_r16[0m
time krun --prove kproveSpecs//x86-semantics_cmovnbew_r16_r16_spec.k ~/Junk/dummy.k  --smt_prelude /home/sdasgup3/Github/k/k-distribution/include/z3/basic.smt2 1>kproveOutput//x86-semantics_cmovnbew_r16_r16_spec.output 2>&1 
[4m[1m[34mprocessSpecOutput cmovnbew_r16_r16[0m
[4m[1m[34mIn processSpecOutput[0m
Using kproveOutput//x86-semantics_cmovnbew_r16_r16_spec.output
[4m[1m[34mOut processSpecOutput[0m
[4m[1m[34msanitizeSpecOutput cmovnbew_r16_r16[0m
[4m[1m[34mIn sanitizeSpecOutput[0m
[4m[1m[34mcmovnbew_r16_r16: Check if May == Must[0m
Warn: [4m[1m[35mMay Write RBX does not belong to Must Write: cmovnbew_r16_r16[0m
[4m[1m[34mOut sanitizeSpecOutput[0m
[4m[1m[34mwriteKDefn cmovnbew_r16_r16: derivedInstructions//x86-cmovnbew_r16_r16.k[0m
/home/sdasgup3/Install/strata/stoke/bin/stoke_debug_circuit  --strata_path /home/sdasgup3/Github/strata-data/circuits/ --code "cmovnbew %cx, %bx" 1>/tmp/yyy 2>&1 

[4m[1m[34mCheck if supported: cmovnbq_r64_r64[0m
[4m[1m[34mcreatespec cmovnbq_r64_r64: kproveSpecs//x86-semantics_cmovnbq_r64_r64_spec.k[0m
[4m[1m[34mcmovnbq_r64_r64: Check if May == Must[0m
Warn: [4m[1m[35mMay Write rbx does not belong to Must Write: cmovnbq_r64_r64[0m
Circuit: cmovncq %rcx, %rbx
%rcx -> 1
cmov -> 1
%rbx -> 1
%cf -> 1

Total Circuit
RCX -> 1
RBX -> 1
 -> 1
CF -> 1

Target
 -> 1
CF -> 1
RBX -> 1
RCX -> 1

[4m[1m[34mkprove cmovnbq_r64_r64[0m
time krun --prove kproveSpecs//x86-semantics_cmovnbq_r64_r64_spec.k ~/Junk/dummy.k  --smt_prelude /home/sdasgup3/Github/k/k-distribution/include/z3/basic.smt2 1>kproveOutput//x86-semantics_cmovnbq_r64_r64_spec.output 2>&1 
[4m[1m[34mprocessSpecOutput cmovnbq_r64_r64[0m
[4m[1m[34mIn processSpecOutput[0m
Using kproveOutput//x86-semantics_cmovnbq_r64_r64_spec.output
[4m[1m[34mOut processSpecOutput[0m
[4m[1m[34msanitizeSpecOutput cmovnbq_r64_r64[0m
[4m[1m[34mIn sanitizeSpecOutput[0m
[4m[1m[34mcmovnbq_r64_r64: Check if May == Must[0m
Warn: [4m[1m[35mMay Write RBX does not belong to Must Write: cmovnbq_r64_r64[0m
[4m[1m[34mOut sanitizeSpecOutput[0m
[4m[1m[34mwriteKDefn cmovnbq_r64_r64: derivedInstructions//x86-cmovnbq_r64_r64.k[0m
/home/sdasgup3/Install/strata/stoke/bin/stoke_debug_circuit  --strata_path /home/sdasgup3/Github/strata-data/circuits/ --code "cmovnbq %rcx, %rbx" 1>/tmp/yyy 2>&1 

[4m[1m[34mCheck if supported: cmovncw_r16_r16[0m
[4m[1m[34mcreatespec cmovncw_r16_r16: kproveSpecs//x86-semantics_cmovncw_r16_r16_spec.k[0m
[4m[1m[34mcmovncw_r16_r16: Check if May == Must[0m
Warn: [4m[1m[35mMay Write bx does not belong to Must Write: cmovncw_r16_r16[0m
Circuit: cmovnbw %cx, %bx
cmov -> 1
%cx -> 1
%cf -> 1
%bx -> 1

Total Circuit
RBX -> 1
RCX -> 1
 -> 1
CF -> 1

Target
RBX -> 1
RCX -> 1
CF -> 1
 -> 1

[4m[1m[34mkprove cmovncw_r16_r16[0m
time krun --prove kproveSpecs//x86-semantics_cmovncw_r16_r16_spec.k ~/Junk/dummy.k  --smt_prelude /home/sdasgup3/Github/k/k-distribution/include/z3/basic.smt2 1>kproveOutput//x86-semantics_cmovncw_r16_r16_spec.output 2>&1 
[4m[1m[34mprocessSpecOutput cmovncw_r16_r16[0m
[4m[1m[34mIn processSpecOutput[0m
Using kproveOutput//x86-semantics_cmovncw_r16_r16_spec.output
[4m[1m[34mOut processSpecOutput[0m
[4m[1m[34msanitizeSpecOutput cmovncw_r16_r16[0m
[4m[1m[34mIn sanitizeSpecOutput[0m
[4m[1m[34mcmovncw_r16_r16: Check if May == Must[0m
Warn: [4m[1m[35mMay Write RBX does not belong to Must Write: cmovncw_r16_r16[0m
[4m[1m[34mOut sanitizeSpecOutput[0m
[4m[1m[34mwriteKDefn cmovncw_r16_r16: derivedInstructions//x86-cmovncw_r16_r16.k[0m
/home/sdasgup3/Install/strata/stoke/bin/stoke_debug_circuit  --strata_path /home/sdasgup3/Github/strata-data/circuits/ --code "cmovncw %cx, %bx" 1>/tmp/yyy 2>&1 

[4m[1m[34mCheck if supported: cmovngw_r16_r16[0m
[4m[1m[34mcreatespec cmovngw_r16_r16: kproveSpecs//x86-semantics_cmovngw_r16_r16_spec.k[0m
[4m[1m[34mcmovngw_r16_r16: Check if May == Must[0m
Warn: [4m[1m[35mMay Write bx does not belong to Must Write: cmovngw_r16_r16[0m
Circuit: movzwl %cx, %edi
%rdi -> 1
%cx -> 1
%edi -> 1

Circuit: cmovngl %edi, %ebx
%edi -> 1
%rbx -> 1
%sf -> 1
%zf -> 1
%of -> 1
%ebx -> 1
cmov -> 1

Total Circuit
RDI -> 1
RBX -> 1
SF -> 1
RCX -> 1
OF -> 1
ZF -> 1
 -> 1

Target
ZF -> 1
OF -> 1
RCX -> 1
SF -> 1
RBX -> 1
 -> 1

[4m[1m[34mkprove cmovngw_r16_r16[0m
time krun --prove kproveSpecs//x86-semantics_cmovngw_r16_r16_spec.k ~/Junk/dummy.k  --smt_prelude /home/sdasgup3/Github/k/k-distribution/include/z3/basic.smt2 1>kproveOutput//x86-semantics_cmovngw_r16_r16_spec.output 2>&1 
[4m[1m[34mprocessSpecOutput cmovngw_r16_r16[0m
[4m[1m[34mIn processSpecOutput[0m
Using kproveOutput//x86-semantics_cmovngw_r16_r16_spec.output
[4m[1m[34mOut processSpecOutput[0m
[4m[1m[34msanitizeSpecOutput cmovngw_r16_r16[0m
[4m[1m[34mIn sanitizeSpecOutput[0m
[4m[1m[34mcmovngw_r16_r16: Check if May == Must[0m
Warn: [4m[1m[35mMay Write RBX does not belong to Must Write: cmovngw_r16_r16[0m
[4m[1m[34mOut sanitizeSpecOutput[0m
[4m[1m[34mwriteKDefn cmovngw_r16_r16: derivedInstructions//x86-cmovngw_r16_r16.k[0m
/home/sdasgup3/Install/strata/stoke/bin/stoke_debug_circuit  --strata_path /home/sdasgup3/Github/strata-data/circuits/ --code "cmovngw %cx, %bx" 1>/tmp/yyy 2>&1 

[4m[1m[34mCheck if supported: cmovnlw_r16_r16[0m
[4m[1m[34mcreatespec cmovnlw_r16_r16: kproveSpecs//x86-semantics_cmovnlw_r16_r16_spec.k[0m
[4m[1m[34mcmovnlw_r16_r16: Check if May == Must[0m
Warn: [4m[1m[35mMay Write bx does not belong to Must Write: cmovnlw_r16_r16[0m
Circuit: movswl %cx, %edi
%edi -> 1
%cx -> 1
%rdi -> 1

Circuit: cmovgel %edi, %ebx
%sf -> 1
%rbx -> 1
%ebx -> 1
%of -> 1
%edi -> 1
cmov -> 1

Total Circuit
OF -> 1
RCX -> 1
SF -> 1
RBX -> 1
RDI -> 1
 -> 1

Target
 -> 1
RBX -> 1
SF -> 1
RCX -> 1
OF -> 1

[4m[1m[34mkprove cmovnlw_r16_r16[0m
time krun --prove kproveSpecs//x86-semantics_cmovnlw_r16_r16_spec.k ~/Junk/dummy.k  --smt_prelude /home/sdasgup3/Github/k/k-distribution/include/z3/basic.smt2 1>kproveOutput//x86-semantics_cmovnlw_r16_r16_spec.output 2>&1 
[4m[1m[34mprocessSpecOutput cmovnlw_r16_r16[0m
[4m[1m[34mIn processSpecOutput[0m
Using kproveOutput//x86-semantics_cmovnlw_r16_r16_spec.output
[4m[1m[34mOut processSpecOutput[0m
[4m[1m[34msanitizeSpecOutput cmovnlw_r16_r16[0m
[4m[1m[34mIn sanitizeSpecOutput[0m
[4m[1m[34mcmovnlw_r16_r16: Check if May == Must[0m
Warn: [4m[1m[35mMay Write RBX does not belong to Must Write: cmovnlw_r16_r16[0m
[4m[1m[34mOut sanitizeSpecOutput[0m
[4m[1m[34mwriteKDefn cmovnlw_r16_r16: derivedInstructions//x86-cmovnlw_r16_r16.k[0m
/home/sdasgup3/Install/strata/stoke/bin/stoke_debug_circuit  --strata_path /home/sdasgup3/Github/strata-data/circuits/ --code "cmovnlw %cx, %bx" 1>/tmp/yyy 2>&1 

[4m[1m[34mCheck if supported: cmpxchgb_rh_r8[0m
[4m[1m[34mcreatespec cmpxchgb_rh_r8: kproveSpecs//x86-semantics_cmpxchgb_rh_r8_spec.k[0m
[4m[1m[34mcmpxchgb_rh_r8: Check if May == Must[0m
Warn: [4m[1m[35mMay Write al does not belong to Must Write: cmpxchgb_rh_r8[0m
Warn: [4m[1m[35mMay Write bh does not belong to Must Write: cmpxchgb_rh_r8[0m
Circuit: movb %cl, %ah
%cl -> 1
%ah -> 1

Circuit: cmpxchgb %ah, %bh
%bh -> 1
%al -> 1
%pf -> 1
%sf -> 1
%zf -> 1
%af -> 1
%ah -> 1
%of -> 1
%cf -> 1
%ax -> 1

Total Circuit
RAX -> 1
OF -> 1
RCX -> 1
AF -> 1
ZF -> 1
PF -> 1
SF -> 1
RBX -> 1
CF -> 1

Target
RBX -> 1
SF -> 1
PF -> 1
ZF -> 1
AF -> 1
RCX -> 1
OF -> 1
RAX -> 1
CF -> 1

[4m[1m[34mkprove cmpxchgb_rh_r8[0m
time krun --prove kproveSpecs//x86-semantics_cmpxchgb_rh_r8_spec.k ~/Junk/dummy.k  --smt_prelude /home/sdasgup3/Github/k/k-distribution/include/z3/basic.smt2 1>kproveOutput//x86-semantics_cmpxchgb_rh_r8_spec.output 2>&1 
[4m[1m[34mprocessSpecOutput cmpxchgb_rh_r8[0m
[4m[1m[34mIn processSpecOutput[0m
Using kproveOutput//x86-semantics_cmpxchgb_rh_r8_spec.output
[4m[1m[34mOut processSpecOutput[0m
[4m[1m[34msanitizeSpecOutput cmpxchgb_rh_r8[0m
[4m[1m[34mIn sanitizeSpecOutput[0m
[4m[1m[34mcmpxchgb_rh_r8: Check if May == Must[0m
Warn: [4m[1m[35mMay Write RAX does not belong to Must Write: cmpxchgb_rh_r8[0m
Warn: [4m[1m[35mMay Write RBX does not belong to Must Write: cmpxchgb_rh_r8[0m
Warn: [4m[1m[35mcmpxchgb_rh_r8: More that one writes. May Need to schedule.[0m
[4m[1m[34mOut sanitizeSpecOutput[0m
[4m[1m[34mwriteKDefn cmpxchgb_rh_r8: derivedInstructions//x86-cmpxchgb_rh_r8.k[0m
/home/sdasgup3/Install/strata/stoke/bin/stoke_debug_circuit  --strata_path /home/sdasgup3/Github/strata-data/circuits/ --code "cmpxchgb %cl, %bh" 1>/tmp/yyy 2>&1 

[4m[1m[34mCheck if supported: cmpxchgw_r16_r16[0m
[4m[1m[34mcreatespec cmpxchgw_r16_r16: kproveSpecs//x86-semantics_cmpxchgw_r16_r16_spec.k[0m
[4m[1m[34mcmpxchgw_r16_r16: Check if May == Must[0m
Warn: [4m[1m[35mMay Write bx does not belong to Must Write: cmpxchgw_r16_r16[0m
Warn: [4m[1m[35mMay Write ax does not belong to Must Write: cmpxchgw_r16_r16[0m
Circuit: movzwl %bx, %r13d
%bx -> 1
%r13d -> 1
%r13 -> 1

Circuit: movzwq %ax, %r14
%ax -> 1
%r14 -> 1

Circuit: xaddw %ax, %r13w
%of -> 1
%af -> 1
%zf -> 1
%sf -> 1
%ax -> 1
%cf -> 1
%r13w -> 1
%pf -> 1

Circuit: cmpw %ax, %r14w
%r14w -> 1
%pf -> 1
%ax -> 1
%cf -> 1
%of -> 1
%af -> 1
%sf -> 1
%zf -> 1

Circuit: cmovzw %cx, %bx
cmov -> 1
%zf -> 1
%bx -> 1
%cx -> 1

Total Circuit
R13 -> 1
AF -> 1
ZF -> 1
RAX -> 1
OF -> 1
RCX -> 1
SF -> 1
RBX -> 1
PF -> 1
R14 -> 1
 -> 1
CF -> 1

Target
RBX -> 1
SF -> 1
PF -> 1
AF -> 1
ZF -> 1
OF -> 1
RAX -> 1
RCX -> 1
CF -> 1

[4m[1m[34mkprove cmpxchgw_r16_r16[0m
time krun --prove kproveSpecs//x86-semantics_cmpxchgw_r16_r16_spec.k ~/Junk/dummy.k  --smt_prelude /home/sdasgup3/Github/k/k-distribution/include/z3/basic.smt2 1>kproveOutput//x86-semantics_cmpxchgw_r16_r16_spec.output 2>&1 
[4m[1m[34mprocessSpecOutput cmpxchgw_r16_r16[0m
[4m[1m[34mIn processSpecOutput[0m
Using kproveOutput//x86-semantics_cmpxchgw_r16_r16_spec.output
[4m[1m[34mOut processSpecOutput[0m
[4m[1m[34msanitizeSpecOutput cmpxchgw_r16_r16[0m
[4m[1m[34mIn sanitizeSpecOutput[0m
[4m[1m[34mcmpxchgw_r16_r16: Check if May == Must[0m
Warn: [4m[1m[35mMay Write RAX does not belong to Must Write: cmpxchgw_r16_r16[0m
Warn: [4m[1m[35mMay Write RBX does not belong to Must Write: cmpxchgw_r16_r16[0m
Warn: [4m[1m[35mcmpxchgw_r16_r16: More that one writes. May Need to schedule.[0m
[4m[1m[34mOut sanitizeSpecOutput[0m
[4m[1m[34mwriteKDefn cmpxchgw_r16_r16: derivedInstructions//x86-cmpxchgw_r16_r16.k[0m
/home/sdasgup3/Install/strata/stoke/bin/stoke_debug_circuit  --strata_path /home/sdasgup3/Github/strata-data/circuits/ --code "cmpxchgw %cx, %bx" 1>/tmp/yyy 2>&1 

[4m[1m[34mCheck if supported: movmskps_r32_xmm[0m
movmskps_r32_xmm 0 derivedInstructions//x86-vmovmskps_r32_xmm.k
Warn: [4m[1m[35mmovmskps_r32_xmm: UnSupported[0m
[4m[1m[34mCheck if supported: rorw_r16_one[0m
[4m[1m[34mcreatespec rorw_r16_one: kproveSpecs//x86-semantics_rorw_r16_one_spec.k[0m
[4m[1m[34mrorw_r16_one: Check if May == Must[0m
Passed:[4m[1m[92mequal[0m
Circuit: sarw $0x1, %bx
%af -> 1
%bx -> 1
%sf -> 1
%zf -> 1
\$0x1 -> 1
%of -> 1
%cf -> 1
%pf -> 1

Circuit: rclb $0x1, %bh
%bh -> 1
%cf -> 1
\$0x1 -> 1
%of -> 1

Circuit: rorb $0x1, %bh
\$0x1 -> 1
%of -> 1
%cf -> 1
%bh -> 1

Total Circuit
 -> 1
CF -> 1
AF -> 1
ZF -> 1
OF -> 1
RBX -> 1
SF -> 1
PF -> 1

Target
CF -> 1
 -> 1
OF -> 1
RBX -> 1

[4m[1m[34mkprove rorw_r16_one[0m
time krun --prove kproveSpecs//x86-semantics_rorw_r16_one_spec.k ~/Junk/dummy.k  --smt_prelude /home/sdasgup3/Github/k/k-distribution/include/z3/basic.smt2 1>kproveOutput//x86-semantics_rorw_r16_one_spec.output 2>&1 
[4m[1m[34mprocessSpecOutput rorw_r16_one[0m
[4m[1m[34mIn processSpecOutput[0m
Using kproveOutput//x86-semantics_rorw_r16_one_spec.output
[4m[1m[34mOut processSpecOutput[0m
[4m[1m[34msanitizeSpecOutput rorw_r16_one[0m
[4m[1m[34mIn sanitizeSpecOutput[0m
[4m[1m[34mrorw_r16_one: Check if May == Must[0m
Passed:[4m[1m[92mequal[0m
[4m[1m[34mOut sanitizeSpecOutput[0m
[4m[1m[34mwriteKDefn rorw_r16_one: derivedInstructions//x86-rorw_r16_one.k[0m
/home/sdasgup3/Install/strata/stoke/bin/stoke_debug_circuit  --strata_path /home/sdasgup3/Github/strata-data/circuits/ --code "rorw \$0x1, %bx" 1>/tmp/yyy 2>&1 

[4m[1m[34mCheck if supported: shrxl_r32_r32_r32[0m
[4m[1m[34mcreatespec shrxl_r32_r32_r32: kproveSpecs//x86-semantics_shrxl_r32_r32_r32_spec.k[0m
[4m[1m[34mshrxl_r32_r32_r32: Check if May == Must[0m
Passed:[4m[1m[92mequal[0m
Circuit: movd %ecx, %xmm3
%ecx -> 1
sse2 -> 1
%xmm3 -> 1

Circuit: callq .move_128_064_xmm3_r8_r9
%r8 -> 1
%r9 -> 1
%xmm3 -> 1

Circuit: tzcntl %r9d, %r13d
bmi1 -> 1
%of -> 1
%af -> 1
%zf -> 1
%r13d -> 1
%sf -> 1
%cf -> 1
%r13 -> 1
%r9d -> 1
%pf -> 1

Circuit: andnl %edx, %r13d, %edi
%rdi -> 1
%pf -> 1
%edi -> 1
%cf -> 1
bmi1 -> 1
%of -> 1
%af -> 1
%r13d -> 1
%sf -> 1
%edx -> 1
%zf -> 1

Circuit: shrxq %rdi, %r8, %rbx
%rdi -> 1
bmi2 -> 1
%rbx -> 1
%r8 -> 1

Total Circuit
ZF -> 1
R13 -> 1
AF -> 1
RCX -> 1
YMM3 -> 1
OF -> 1
RDI -> 1
SF -> 1
RBX -> 1
RDX -> 1
PF -> 1
R9 -> 1
R8 -> 1
CF -> 1
 -> 1

Target
RCX -> 1
RDX -> 1
RBX -> 1
 -> 1

[4m[1m[34mkprove shrxl_r32_r32_r32[0m
time krun --prove kproveSpecs//x86-semantics_shrxl_r32_r32_r32_spec.k ~/Junk/dummy.k  --smt_prelude /home/sdasgup3/Github/k/k-distribution/include/z3/basic.smt2 1>kproveOutput//x86-semantics_shrxl_r32_r32_r32_spec.output 2>&1 
[4m[1m[34mprocessSpecOutput shrxl_r32_r32_r32[0m
[4m[1m[34mIn processSpecOutput[0m
Using kproveOutput//x86-semantics_shrxl_r32_r32_r32_spec.output
[4m[1m[34mOut processSpecOutput[0m
[4m[1m[34msanitizeSpecOutput shrxl_r32_r32_r32[0m
[4m[1m[34mIn sanitizeSpecOutput[0m
[4m[1m[34mshrxl_r32_r32_r32: Check if May == Must[0m
Passed:[4m[1m[92mequal[0m
[4m[1m[34mOut sanitizeSpecOutput[0m
[4m[1m[34mwriteKDefn shrxl_r32_r32_r32: derivedInstructions//x86-shrxl_r32_r32_r32.k[0m
/home/sdasgup3/Install/strata/stoke/bin/stoke_debug_circuit  --strata_path /home/sdasgup3/Github/strata-data/circuits/ --code "shrxl %edx, %ecx, %ebx" 1>/tmp/yyy 2>&1 

[4m[1m[34mCheck if supported: tzcntw_r16_r16[0m
[4m[1m[34mcreatespec tzcntw_r16_r16: kproveSpecs//x86-semantics_tzcntw_r16_r16_spec.k[0m
[4m[1m[34mtzcntw_r16_r16: Check if May == Must[0m
Passed:[4m[1m[92mequal[0m
Warn: [4m[1m[35m[getSpecCode] Undef Present: tzcntw_r16_r16[0m
Undef Set
pf -> 1
sf -> 1
af -> 1
of -> 1

Circuit: movswl %cx, %eax
%cx -> 1
%eax -> 1
%rax -> 1

Circuit: tzcntl %eax, %ebx
%zf -> 1
%sf -> 1
%af -> 1
%rbx -> 1
%ebx -> 1
%of -> 1
bmi1 -> 1
%cf -> 1
%eax -> 1
%pf -> 1

Circuit: movq $0x10, %r12
%r12 -> 1
\$0x10 -> 1

Circuit: cmovnael %r12d, %ebx
cmov -> 1
%rbx -> 1
%ebx -> 1
%r12d -> 1
%cf -> 1

Total Circuit
 -> 1
CF -> 1
R12 -> 1
PF -> 1
RBX -> 1
SF -> 1
RAX -> 1
OF -> 1
RCX -> 1
AF -> 1
ZF -> 1

Target
ZF -> 1
AF -> 1
RCX -> 1
OF -> 1
RBX -> 1
SF -> 1
PF -> 1
CF -> 1
 -> 1

[4m[1m[34mkprove tzcntw_r16_r16[0m
time krun --prove kproveSpecs//x86-semantics_tzcntw_r16_r16_spec.k ~/Junk/dummy.k  --smt_prelude /home/sdasgup3/Github/k/k-distribution/include/z3/basic.smt2 1>kproveOutput//x86-semantics_tzcntw_r16_r16_spec.output 2>&1 
[4m[1m[34mprocessSpecOutput tzcntw_r16_r16[0m
[4m[1m[34mIn processSpecOutput[0m
Using kproveOutput//x86-semantics_tzcntw_r16_r16_spec.output
[4m[1m[34mOut processSpecOutput[0m
[4m[1m[34msanitizeSpecOutput tzcntw_r16_r16[0m
[4m[1m[34mIn sanitizeSpecOutput[0m
[4m[1m[34mtzcntw_r16_r16: Check if May == Must[0m
Passed:[4m[1m[92mequal[0m
[4m[1m[34mOut sanitizeSpecOutput[0m
[4m[1m[34mwriteKDefn tzcntw_r16_r16: derivedInstructions//x86-tzcntw_r16_r16.k[0m
/home/sdasgup3/Install/strata/stoke/bin/stoke_debug_circuit  --strata_path /home/sdasgup3/Github/strata-data/circuits/ --code "tzcntw %cx, %bx" 1>/tmp/yyy 2>&1 

[4m[1m[34mCheck if supported: vfmsubadd231pd_xmm_xmm_xmm[0m
[4m[1m[34mcreatespec vfmsubadd231pd_xmm_xmm_xmm: kproveSpecs//x86-semantics_vfmsubadd231pd_xmm_xmm_xmm_spec.k[0m
[4m[1m[34mvfmsubadd231pd_xmm_xmm_xmm: Check if May == Must[0m
Passed:[4m[1m[92mequal[0m
Circuit: callq .move_128_032_xmm1_xmm8_xmm9_xmm10_xmm11
%xmm1 -> 1
%xmm10 -> 1
%xmm8 -> 1
%xmm9 -> 1
%xmm11 -> 1

Circuit: vminpd %xmm1, %xmm1, %xmm8
avx -> 1
%ymm8 -> 1
%xmm1 -> 1
%xmm8 -> 1

Circuit: vfnmsub132sd %xmm11, %xmm8, %xmm1
%ymm1 -> 1
%xmm11 -> 1
%xmm1 -> 1
%xmm8 -> 1
fma -> 1

Circuit: vfmsub231pd %xmm3, %xmm2, %xmm1
%ymm1 -> 1
%xmm2 -> 1
%xmm3 -> 1
fma -> 1
%xmm1 -> 1

Total Circuit
YMM10 -> 1
YMM9 -> 1
YMM11 -> 1
YMM3 -> 1
YMM2 -> 1
 -> 1
YMM8 -> 1
YMM1 -> 1

Target
YMM2 -> 1
 -> 1
YMM1 -> 1
YMM3 -> 1

[4m[1m[34mkprove vfmsubadd231pd_xmm_xmm_xmm[0m
time krun --prove kproveSpecs//x86-semantics_vfmsubadd231pd_xmm_xmm_xmm_spec.k ~/Junk/dummy.k  --smt_prelude /home/sdasgup3/Github/k/k-distribution/include/z3/basic.smt2 1>kproveOutput//x86-semantics_vfmsubadd231pd_xmm_xmm_xmm_spec.output 2>&1 
[4m[1m[34mprocessSpecOutput vfmsubadd231pd_xmm_xmm_xmm[0m
[4m[1m[34mIn processSpecOutput[0m
Using kproveOutput//x86-semantics_vfmsubadd231pd_xmm_xmm_xmm_spec.output
[4m[1m[34mOut processSpecOutput[0m
[4m[1m[34msanitizeSpecOutput vfmsubadd231pd_xmm_xmm_xmm[0m
[4m[1m[34mIn sanitizeSpecOutput[0m
[4m[1m[34mvfmsubadd231pd_xmm_xmm_xmm: Check if May == Must[0m
Passed:[4m[1m[92mequal[0m
[4m[1m[34mOut sanitizeSpecOutput[0m
[4m[1m[34mwriteKDefn vfmsubadd231pd_xmm_xmm_xmm: derivedInstructions//x86-vfmsubadd231pd_xmm_xmm_xmm.k[0m
/home/sdasgup3/Install/strata/stoke/bin/stoke_debug_circuit  --strata_path /home/sdasgup3/Github/strata-data/circuits/ --code "vfmsubadd231pd %xmm3, %xmm2, %xmm1" 1>/tmp/yyy 2>&1 

[4m[1m[34mCheck if supported: vhaddps_ymm_ymm_ymm[0m
[4m[1m[34mcreatespec vhaddps_ymm_ymm_ymm: kproveSpecs//x86-semantics_vhaddps_ymm_ymm_ymm_spec.k[0m
[4m[1m[34mvhaddps_ymm_ymm_ymm: Check if May == Must[0m
Passed:[4m[1m[92mequal[0m
Circuit: callq .move_256_128_ymm2_xmm10_xmm11
%xmm10 -> 1
%xmm11 -> 1
%ymm2 -> 1

Circuit: haddps %xmm3, %xmm10
%xmm3 -> 1
%xmm10 -> 1
pni -> 1

Circuit: callq .move_256_128_ymm3_xmm8_xmm9
%xmm8 -> 1
%xmm9 -> 1
%ymm3 -> 1

Circuit: haddps %xmm9, %xmm11
pni -> 1
%xmm9 -> 1
%xmm11 -> 1

Circuit: callq .move_128_256_xmm10_xmm11_ymm1
%xmm10 -> 1
%ymm1 -> 1
%xmm11 -> 1

Total Circuit
YMM9 -> 1
YMM10 -> 1
YMM3 -> 1
YMM11 -> 1
 -> 1
YMM2 -> 1
YMM1 -> 1
YMM8 -> 1

Target
YMM3 -> 1
YMM1 -> 1
YMM2 -> 1
 -> 1

[4m[1m[34mkprove vhaddps_ymm_ymm_ymm[0m
time krun --prove kproveSpecs//x86-semantics_vhaddps_ymm_ymm_ymm_spec.k ~/Junk/dummy.k  --smt_prelude /home/sdasgup3/Github/k/k-distribution/include/z3/basic.smt2 1>kproveOutput//x86-semantics_vhaddps_ymm_ymm_ymm_spec.output 2>&1 
[4m[1m[34mprocessSpecOutput vhaddps_ymm_ymm_ymm[0m
[4m[1m[34mIn processSpecOutput[0m
Using kproveOutput//x86-semantics_vhaddps_ymm_ymm_ymm_spec.output
[4m[1m[34mOut processSpecOutput[0m
[4m[1m[34msanitizeSpecOutput vhaddps_ymm_ymm_ymm[0m
[4m[1m[34mIn sanitizeSpecOutput[0m
[4m[1m[34mvhaddps_ymm_ymm_ymm: Check if May == Must[0m
Passed:[4m[1m[92mequal[0m
[4m[1m[34mOut sanitizeSpecOutput[0m
[4m[1m[34mwriteKDefn vhaddps_ymm_ymm_ymm: derivedInstructions//x86-vhaddps_ymm_ymm_ymm.k[0m
/home/sdasgup3/Install/strata/stoke/bin/stoke_debug_circuit  --strata_path /home/sdasgup3/Github/strata-data/circuits/ --code "vhaddps %ymm3, %ymm2, %ymm1" 1>/tmp/yyy 2>&1 

[4m[1m[34mCheck if supported: vphsubd_xmm_xmm_xmm[0m
vphsubd_xmm_xmm_xmm 0 derivedInstructions//x86-vcvttps2dq_xmm_xmm.k
Warn: [4m[1m[35mvphsubd_xmm_xmm_xmm: UnSupported[0m
[4m[1m[34mCheck if supported: vpmovzxwd_xmm_xmm[0m
[4m[1m[34mcreatespec vpmovzxwd_xmm_xmm: kproveSpecs//x86-semantics_vpmovzxwd_xmm_xmm_spec.k[0m
[4m[1m[34mvpmovzxwd_xmm_xmm: Check if May == Must[0m
Passed:[4m[1m[92mequal[0m
Circuit: callq .move_128_032_xmm2_xmm4_xmm5_xmm6_xmm7
%xmm7 -> 1
%xmm4 -> 1
%xmm5 -> 1
%xmm6 -> 1
%xmm2 -> 1

Circuit: vpmovzxwq %xmm5, %xmm13
%ymm13 -> 1
%xmm13 -> 1
%xmm5 -> 1
avx -> 1

Circuit: movddup %xmm4, %xmm4
%xmm4 -> 1
pni -> 1

Circuit: callq .move_032_128_xmm4_xmm5_xmm6_xmm7_xmm3
%xmm5 -> 1
%xmm3 -> 1
%xmm6 -> 1
%xmm7 -> 1
%xmm4 -> 1

Circuit: vpmovzxwq %xmm3, %xmm1
%xmm3 -> 1
avx -> 1
%ymm1 -> 1
%xmm1 -> 1

Circuit: vhsubps %xmm13, %xmm1, %xmm1
%xmm1 -> 1
%xmm13 -> 1
%ymm1 -> 1
avx -> 1

Total Circuit
YMM6 -> 1
YMM7 -> 1
YMM13 -> 1
YMM3 -> 1
YMM4 -> 1
YMM1 -> 1
YMM2 -> 1
YMM5 -> 1
 -> 1

Target
YMM1 -> 1
YMM2 -> 1
 -> 1

[4m[1m[34mkprove vpmovzxwd_xmm_xmm[0m
time krun --prove kproveSpecs//x86-semantics_vpmovzxwd_xmm_xmm_spec.k ~/Junk/dummy.k  --smt_prelude /home/sdasgup3/Github/k/k-distribution/include/z3/basic.smt2 1>kproveOutput//x86-semantics_vpmovzxwd_xmm_xmm_spec.output 2>&1 
[4m[1m[34mprocessSpecOutput vpmovzxwd_xmm_xmm[0m
[4m[1m[34mIn processSpecOutput[0m
Using kproveOutput//x86-semantics_vpmovzxwd_xmm_xmm_spec.output
[4m[1m[34mOut processSpecOutput[0m
[4m[1m[34msanitizeSpecOutput vpmovzxwd_xmm_xmm[0m
[4m[1m[34mIn sanitizeSpecOutput[0m
[4m[1m[34mvpmovzxwd_xmm_xmm: Check if May == Must[0m
Passed:[4m[1m[92mequal[0m
[4m[1m[34mOut sanitizeSpecOutput[0m
[4m[1m[34mwriteKDefn vpmovzxwd_xmm_xmm: derivedInstructions//x86-vpmovzxwd_xmm_xmm.k[0m
/home/sdasgup3/Install/strata/stoke/bin/stoke_debug_circuit  --strata_path /home/sdasgup3/Github/strata-data/circuits/ --code "vpmovzxwd %xmm2, %xmm1" 1>/tmp/yyy 2>&1 

