-Xms64m -Xmx1024m -Xss32m -XX:+TieredCompilation -Xmx8g

InitialTerm: 
<T>(<k>(#KSequence(execinstr(__(vminpd(.KList@BASIC-K),, typeoperandlist(%ymm2(.KList@BASIC-K),, typeoperandlist(%ymm2(.KList@BASIC-K),, typeoperandlist(%ymm1(.KList@BASIC-K),, .List{"typeoperandlist"}(.KList@BASIC-K)))))), execinstr(__(nop(.KList@BASIC-K),, .List{"typeoperandlist"}(.KList@BASIC-K))), KItem@BASIC-K(#"inforegisters"), KItem@BASIC-K(#"fetch"))),, <entrypoint>(MInt@MINT(#"64'0")),, <nextLoc>(MInt@MINT(#"64'0")),, <memstate>(<cmem>(.Map),, <dmem>(.Map)),, <regstate>(String@STRING-SYNTAX(#""YMM2"") |-> mi(Int@INT-SYNTAX(#"256"),, ?I2_603:Int@INT-SYNTAX) String@STRING-SYNTAX(#""YMM1"") |-> mi(Int@INT-SYNTAX(#"256"),, ?I1_602:Int@INT-SYNTAX) String@STRING-SYNTAX(#""RIP"") |-> MInt@MINT(#"64'0")   ),, <regstatequeue>(.List())) /\ Bool@BOOL-SYNTAX(#"true")

TargetTerm: 
<T>(<k>(exit_0(.KList@BASIC-K)),, <entrypoint>(MInt@MINT(#"64'0")),, <nextLoc>(MInt@MINT(#"64'0")),, <memstate>(<cmem>(.Map),, <dmem>(.Map)),, <regstate>(String@STRING-SYNTAX(#""YMM2"") |-> _71_606:K@SORT-K String@STRING-SYNTAX(#""YMM1"") |-> _70_605:K@SORT-K String@STRING-SYNTAX(#""RIP"") |-> _69_604:K@SORT-K   ),, <regstatequeue>(_72_607:List@LIST)) /\ _==K_(Bool@BOOL-SYNTAX(#"true"),, Bool@BOOL-SYNTAX(#"true"))



IntermediateTerm: 
<T>(<k>(#KSequence(execinstr(__(vminpd(.KList@BASIC-K),, typeoperandlist(%ymm2(.KList@BASIC-K),, typeoperandlist(%ymm2(.KList@BASIC-K),, typeoperandlist(%ymm1(.KList@BASIC-K),, .List{"typeoperandlist"}(.KList@BASIC-K)))))), execinstr(__(nop(.KList@BASIC-K),, .List{"typeoperandlist"}(.KList@BASIC-K))), KItem@BASIC-K(#"inforegisters"), KItem@BASIC-K(#"fetch"))),, <entrypoint>(MInt@MINT(#"64'0")),, <nextLoc>(MInt@MINT(#"64'0")),, <memstate>(<cmem>(.Map),, <dmem>(.Map)),, <regstate>(String@STRING-SYNTAX(#""YMM2"") |-> mi(Int@INT-SYNTAX(#"256"),, ?I2_603:Int@INT-SYNTAX) String@STRING-SYNTAX(#""YMM1"") |-> mi(Int@INT-SYNTAX(#"256"),, ?I1_602:Int@INT-SYNTAX) String@STRING-SYNTAX(#""RIP"") |-> MInt@MINT(#"64'0")   ),, <regstatequeue>(.List())) /\ Bool@BOOL-SYNTAX(#"true")

IntermediateTerm: 
<T>(<k>(#KSequence(setRegisterValue(mi(Int@INT-SYNTAX(#"256"),, ?I2_603:Int@INT-SYNTAX),, %ymm1(.KList@BASIC-K)), execinstr(__(nop(.KList@BASIC-K),, .List{"typeoperandlist"}(.KList@BASIC-K))), KItem@BASIC-K(#"inforegisters"), KItem@BASIC-K(#"fetch"))),, <entrypoint>(MInt@MINT(#"64'0")),, <nextLoc>(MInt@MINT(#"64'0")),, <memstate>(<cmem>(.Map),, <dmem>(.Map)),, <regstate>(String@STRING-SYNTAX(#""YMM2"") |-> mi(Int@INT-SYNTAX(#"256"),, ?I2_603:Int@INT-SYNTAX) String@STRING-SYNTAX(#""YMM1"") |-> mi(Int@INT-SYNTAX(#"256"),, ?I1_602:Int@INT-SYNTAX) String@STRING-SYNTAX(#""RIP"") |-> MInt@MINT(#"64'0")   ),, <regstatequeue>(.List())) /\ Bool@BOOL-SYNTAX(#"true")

IntermediateTerm: 
<T>(<k>(#KSequence(execinstr(__(nop(.KList@BASIC-K),, .List{"typeoperandlist"}(.KList@BASIC-K))), KItem@BASIC-K(#"inforegisters"), KItem@BASIC-K(#"fetch"))),, <entrypoint>(MInt@MINT(#"64'0")),, <nextLoc>(MInt@MINT(#"64'0")),, <memstate>(<cmem>(.Map),, <dmem>(.Map)),, <regstate>(String@STRING-SYNTAX(#""YMM2"") |-> mi(Int@INT-SYNTAX(#"256"),, ?I2_603:Int@INT-SYNTAX) String@STRING-SYNTAX(#""RIP"") |-> MInt@MINT(#"64'0") String@STRING-SYNTAX(#""YMM1"") |-> mi(Int@INT-SYNTAX(#"256"),, ?I2_603:Int@INT-SYNTAX)   ),, <regstatequeue>(.List())) /\ Bool@BOOL-SYNTAX(#"true")

IntermediateTerm: 
<T>(<k>(#EmptyK()),, <entrypoint>(MInt@MINT(#"64'0")),, <nextLoc>(MInt@MINT(#"64'0")),, <memstate>(<cmem>(.Map),, <dmem>(.Map)),, <regstate>(String@STRING-SYNTAX(#""YMM2"") |-> mi(Int@INT-SYNTAX(#"256"),, ?I2_603:Int@INT-SYNTAX) String@STRING-SYNTAX(#""RIP"") |-> MInt@MINT(#"64'0") String@STRING-SYNTAX(#""YMM1"") |-> mi(Int@INT-SYNTAX(#"256"),, ?I2_603:Int@INT-SYNTAX)   ),, <regstatequeue>(.List())) /\ Bool@BOOL-SYNTAX(#"true")

IntermediateTerm: 
<T>(<k>(exit_0(.KList@BASIC-K)),, <entrypoint>(MInt@MINT(#"64'0")),, <nextLoc>(MInt@MINT(#"64'0")),, <memstate>(<cmem>(.Map),, <dmem>(.Map)),, <regstate>(String@STRING-SYNTAX(#""YMM2"") |-> mi(Int@INT-SYNTAX(#"256"),, ?I2_603:Int@INT-SYNTAX) String@STRING-SYNTAX(#""RIP"") |-> MInt@MINT(#"64'0") String@STRING-SYNTAX(#""YMM1"") |-> mi(Int@INT-SYNTAX(#"256"),, ?I2_603:Int@INT-SYNTAX)   ),, <regstatequeue>(.List())) /\ Bool@BOOL-SYNTAX(#"true")

FinalTerm: 
<T>(<k>(exit_0(.KList@BASIC-K)),, <entrypoint>(MInt@MINT(#"64'0")),, <nextLoc>(MInt@MINT(#"64'0")),, <memstate>(<cmem>(.Map),, <dmem>(.Map)),, <regstate>(String@STRING-SYNTAX(#""YMM2"") |-> mi(Int@INT-SYNTAX(#"256"),, ?I2_603:Int@INT-SYNTAX) String@STRING-SYNTAX(#""RIP"") |-> MInt@MINT(#"64'0") String@STRING-SYNTAX(#""YMM1"") |-> mi(Int@INT-SYNTAX(#"256"),, ?I2_603:Int@INT-SYNTAX)   ),, <regstatequeue>(.List())) /\ Bool@BOOL-SYNTAX(#"true")
true
[Warning] Critical: missing SMTLib translation for mi
101.09user 6.31system 0:26.84elapsed 400%CPU (0avgtext+0avgdata 2396244maxresident)k
0inputs+3664outputs (0major+85055minor)pagefaults 0swaps
