
InitialTerm: 
<T>(<k>(#KSequence(readFlagToRegister(String@STRING-SYNTAX(#""SF""),, %rbx(.KList@BASIC-K)), execinstr(__(BaseOpcode@X86-SYNTAX(#"nop"),, .List{"typeoperandlist"}(.KList@BASIC-K))), KItem@BASIC-K(#"inforegisters"), KItem@BASIC-K(#"fetch"))),, <entrypoint>(MInt@MINT(#"64'0")),, <nextLoc>(MInt@MINT(#"64'0")),, <memstate>(<cmem>(.Map),, <dmem>(.Map)),, <regstate>(String@STRING-SYNTAX(#""SF"") |-> mi(Int@INT-SYNTAX(#"1"),, _493:Int@INT-SYNTAX) String@STRING-SYNTAX(#""RIP"") |-> MInt@MINT(#"64'0") String@STRING-SYNTAX(#""RBX"") |-> mi(Int@INT-SYNTAX(#"64"),, _494:Int@INT-SYNTAX)   ),, <regstatequeue>(.List())) /\ Bool@BOOL-SYNTAX(#"true")

TargetTerm: 
<T>(<k>(exit_0(.KList@BASIC-K)),, <entrypoint>(MInt@MINT(#"64'0")),, <nextLoc>(MInt@MINT(#"64'0")),, <memstate>(<cmem>(.Map),, <dmem>(.Map)),, <regstate>(String@STRING-SYNTAX(#""SF"") |-> _496:K@SORT-K String@STRING-SYNTAX(#""RIP"") |-> _495:K@SORT-K String@STRING-SYNTAX(#""RBX"") |-> _497:K@SORT-K   ),, <regstatequeue>(_498:List@LIST)) /\ _==K_(Bool@BOOL-SYNTAX(#"true"),, Bool@BOOL-SYNTAX(#"true"))



IntermediateTerm: 
<T>(<k>(#KSequence(readFlagToRegister(String@STRING-SYNTAX(#""SF""),, %rbx(.KList@BASIC-K)), execinstr(__(BaseOpcode@X86-SYNTAX(#"nop"),, .List{"typeoperandlist"}(.KList@BASIC-K))), KItem@BASIC-K(#"inforegisters"), KItem@BASIC-K(#"fetch"))),, <entrypoint>(MInt@MINT(#"64'0")),, <nextLoc>(MInt@MINT(#"64'0")),, <memstate>(<cmem>(.Map),, <dmem>(.Map)),, <regstate>(String@STRING-SYNTAX(#""SF"") |-> mi(Int@INT-SYNTAX(#"1"),, _493:Int@INT-SYNTAX) String@STRING-SYNTAX(#""RIP"") |-> MInt@MINT(#"64'0") String@STRING-SYNTAX(#""RBX"") |-> mi(Int@INT-SYNTAX(#"64"),, _494:Int@INT-SYNTAX)   ),, <regstatequeue>(.List())) /\ Bool@BOOL-SYNTAX(#"true")

IntermediateTerm: 
<T>(<k>(#KSequence(setRegisterValue(concatenateMInt(MInt@MINT(#"63'0"),, mi(Int@INT-SYNTAX(#"1"),, _493:Int@INT-SYNTAX)),, %rbx(.KList@BASIC-K)), execinstr(__(BaseOpcode@X86-SYNTAX(#"nop"),, .List{"typeoperandlist"}(.KList@BASIC-K))), KItem@BASIC-K(#"inforegisters"), KItem@BASIC-K(#"fetch"))),, <entrypoint>(MInt@MINT(#"64'0")),, <nextLoc>(MInt@MINT(#"64'0")),, <memstate>(<cmem>(.Map),, <dmem>(.Map)),, <regstate>(String@STRING-SYNTAX(#""SF"") |-> mi(Int@INT-SYNTAX(#"1"),, _493:Int@INT-SYNTAX) String@STRING-SYNTAX(#""RIP"") |-> MInt@MINT(#"64'0") String@STRING-SYNTAX(#""RBX"") |-> mi(Int@INT-SYNTAX(#"64"),, _494:Int@INT-SYNTAX)   ),, <regstatequeue>(.List())) /\ Bool@BOOL-SYNTAX(#"true")

IntermediateTerm: 
<T>(<k>(#KSequence(execinstr(__(BaseOpcode@X86-SYNTAX(#"nop"),, .List{"typeoperandlist"}(.KList@BASIC-K))), KItem@BASIC-K(#"inforegisters"), KItem@BASIC-K(#"fetch"))),, <entrypoint>(MInt@MINT(#"64'0")),, <nextLoc>(MInt@MINT(#"64'0")),, <memstate>(<cmem>(.Map),, <dmem>(.Map)),, <regstate>(String@STRING-SYNTAX(#""RIP"") |-> MInt@MINT(#"64'0") String@STRING-SYNTAX(#""RBX"") |-> concatenateMInt(MInt@MINT(#"63'0"),, mi(Int@INT-SYNTAX(#"1"),, _493:Int@INT-SYNTAX)) String@STRING-SYNTAX(#""SF"") |-> mi(Int@INT-SYNTAX(#"1"),, _493:Int@INT-SYNTAX)   ),, <regstatequeue>(.List())) /\ Bool@BOOL-SYNTAX(#"true")

IntermediateTerm: 
<T>(<k>(#EmptyK()),, <entrypoint>(MInt@MINT(#"64'0")),, <nextLoc>(MInt@MINT(#"64'0")),, <memstate>(<cmem>(.Map),, <dmem>(.Map)),, <regstate>(String@STRING-SYNTAX(#""RIP"") |-> MInt@MINT(#"64'0") String@STRING-SYNTAX(#""RBX"") |-> concatenateMInt(MInt@MINT(#"63'0"),, mi(Int@INT-SYNTAX(#"1"),, _493:Int@INT-SYNTAX)) String@STRING-SYNTAX(#""SF"") |-> mi(Int@INT-SYNTAX(#"1"),, _493:Int@INT-SYNTAX)   ),, <regstatequeue>(.List())) /\ Bool@BOOL-SYNTAX(#"true")

IntermediateTerm: 
<T>(<k>(exit_0(.KList@BASIC-K)),, <entrypoint>(MInt@MINT(#"64'0")),, <nextLoc>(MInt@MINT(#"64'0")),, <memstate>(<cmem>(.Map),, <dmem>(.Map)),, <regstate>(String@STRING-SYNTAX(#""RIP"") |-> MInt@MINT(#"64'0") String@STRING-SYNTAX(#""RBX"") |-> concatenateMInt(MInt@MINT(#"63'0"),, mi(Int@INT-SYNTAX(#"1"),, _493:Int@INT-SYNTAX)) String@STRING-SYNTAX(#""SF"") |-> mi(Int@INT-SYNTAX(#"1"),, _493:Int@INT-SYNTAX)   ),, <regstatequeue>(.List())) /\ Bool@BOOL-SYNTAX(#"true")

FinalTerm: 
<T>(<k>(exit_0(.KList@BASIC-K)),, <entrypoint>(MInt@MINT(#"64'0")),, <nextLoc>(MInt@MINT(#"64'0")),, <memstate>(<cmem>(.Map),, <dmem>(.Map)),, <regstate>(String@STRING-SYNTAX(#""RIP"") |-> MInt@MINT(#"64'0") String@STRING-SYNTAX(#""RBX"") |-> concatenateMInt(MInt@MINT(#"63'0"),, mi(Int@INT-SYNTAX(#"1"),, _493:Int@INT-SYNTAX)) String@STRING-SYNTAX(#""SF"") |-> mi(Int@INT-SYNTAX(#"1"),, _493:Int@INT-SYNTAX)   ),, <regstatequeue>(.List())) /\ Bool@BOOL-SYNTAX(#"true")
true
[Warning] Critical: missing SMTLib translation for mi
62.60user 1.72system 0:18.68elapsed 344%CPU (0avgtext+0avgdata 938488maxresident)k
0inputs+3656outputs (0major+82609minor)pagefaults 0swaps
