
InitialTerm: 
<T>(<k>(#KSequence(execinstr(__(BaseOpcode@X86-SYNTAX(#"vminpd"),, typeoperandlist(%ymm2(.KList@BASIC-K),, typeoperandlist(%ymm2(.KList@BASIC-K),, typeoperandlist(%ymm1(.KList@BASIC-K),, .List{"typeoperandlist"}(.KList@BASIC-K)))))), execinstr(__(BaseOpcode@X86-SYNTAX(#"nop"),, .List{"typeoperandlist"}(.KList@BASIC-K))), KItem@BASIC-K(#"inforegisters"), KItem@BASIC-K(#"fetch"))),, <entrypoint>(MInt@MINT(#"64'0")),, <nextLoc>(MInt@MINT(#"64'0")),, <memstate>(<cmem>(.Map),, <dmem>(.Map)),, <regstate>(String@STRING-SYNTAX(#""YMM2"") |-> mi(Int@INT-SYNTAX(#"256"),, _472:Int@INT-SYNTAX) String@STRING-SYNTAX(#""YMM1"") |-> mi(Int@INT-SYNTAX(#"256"),, _471:Int@INT-SYNTAX) String@STRING-SYNTAX(#""RIP"") |-> MInt@MINT(#"64'0")   ),, <regstatequeue>(.List())) /\ Bool@BOOL-SYNTAX(#"true")

TargetTerm: 
<T>(<k>(exit_0(.KList@BASIC-K)),, <entrypoint>(MInt@MINT(#"64'0")),, <nextLoc>(MInt@MINT(#"64'0")),, <memstate>(<cmem>(.Map),, <dmem>(.Map)),, <regstate>(String@STRING-SYNTAX(#""YMM2"") |-> _475:K@SORT-K String@STRING-SYNTAX(#""YMM1"") |-> _474:K@SORT-K String@STRING-SYNTAX(#""RIP"") |-> _473:K@SORT-K   ),, <regstatequeue>(_476:List@LIST)) /\ _==K_(Bool@BOOL-SYNTAX(#"true"),, Bool@BOOL-SYNTAX(#"true"))



IntermediateTerm: 
<T>(<k>(#KSequence(execinstr(__(BaseOpcode@X86-SYNTAX(#"vminpd"),, typeoperandlist(%ymm2(.KList@BASIC-K),, typeoperandlist(%ymm2(.KList@BASIC-K),, typeoperandlist(%ymm1(.KList@BASIC-K),, .List{"typeoperandlist"}(.KList@BASIC-K)))))), execinstr(__(BaseOpcode@X86-SYNTAX(#"nop"),, .List{"typeoperandlist"}(.KList@BASIC-K))), KItem@BASIC-K(#"inforegisters"), KItem@BASIC-K(#"fetch"))),, <entrypoint>(MInt@MINT(#"64'0")),, <nextLoc>(MInt@MINT(#"64'0")),, <memstate>(<cmem>(.Map),, <dmem>(.Map)),, <regstate>(String@STRING-SYNTAX(#""YMM2"") |-> mi(Int@INT-SYNTAX(#"256"),, _472:Int@INT-SYNTAX) String@STRING-SYNTAX(#""YMM1"") |-> mi(Int@INT-SYNTAX(#"256"),, _471:Int@INT-SYNTAX) String@STRING-SYNTAX(#""RIP"") |-> MInt@MINT(#"64'0")   ),, <regstatequeue>(.List())) /\ Bool@BOOL-SYNTAX(#"true")

IntermediateTerm: 
<T>(<k>(#KSequence(setRegisterValue(mi(Int@INT-SYNTAX(#"256"),, _472:Int@INT-SYNTAX),, %ymm1(.KList@BASIC-K)), execinstr(__(BaseOpcode@X86-SYNTAX(#"nop"),, .List{"typeoperandlist"}(.KList@BASIC-K))), KItem@BASIC-K(#"inforegisters"), KItem@BASIC-K(#"fetch"))),, <entrypoint>(MInt@MINT(#"64'0")),, <nextLoc>(MInt@MINT(#"64'0")),, <memstate>(<cmem>(.Map),, <dmem>(.Map)),, <regstate>(String@STRING-SYNTAX(#""YMM2"") |-> mi(Int@INT-SYNTAX(#"256"),, _472:Int@INT-SYNTAX) String@STRING-SYNTAX(#""YMM1"") |-> mi(Int@INT-SYNTAX(#"256"),, _471:Int@INT-SYNTAX) String@STRING-SYNTAX(#""RIP"") |-> MInt@MINT(#"64'0")   ),, <regstatequeue>(.List())) /\ Bool@BOOL-SYNTAX(#"true")

IntermediateTerm: 
<T>(<k>(#KSequence(execinstr(__(BaseOpcode@X86-SYNTAX(#"nop"),, .List{"typeoperandlist"}(.KList@BASIC-K))), KItem@BASIC-K(#"inforegisters"), KItem@BASIC-K(#"fetch"))),, <entrypoint>(MInt@MINT(#"64'0")),, <nextLoc>(MInt@MINT(#"64'0")),, <memstate>(<cmem>(.Map),, <dmem>(.Map)),, <regstate>(String@STRING-SYNTAX(#""YMM2"") |-> mi(Int@INT-SYNTAX(#"256"),, _472:Int@INT-SYNTAX) String@STRING-SYNTAX(#""RIP"") |-> MInt@MINT(#"64'0") String@STRING-SYNTAX(#""YMM1"") |-> mi(Int@INT-SYNTAX(#"256"),, _472:Int@INT-SYNTAX)   ),, <regstatequeue>(.List())) /\ Bool@BOOL-SYNTAX(#"true")

IntermediateTerm: 
<T>(<k>(#EmptyK()),, <entrypoint>(MInt@MINT(#"64'0")),, <nextLoc>(MInt@MINT(#"64'0")),, <memstate>(<cmem>(.Map),, <dmem>(.Map)),, <regstate>(String@STRING-SYNTAX(#""YMM2"") |-> mi(Int@INT-SYNTAX(#"256"),, _472:Int@INT-SYNTAX) String@STRING-SYNTAX(#""RIP"") |-> MInt@MINT(#"64'0") String@STRING-SYNTAX(#""YMM1"") |-> mi(Int@INT-SYNTAX(#"256"),, _472:Int@INT-SYNTAX)   ),, <regstatequeue>(.List())) /\ Bool@BOOL-SYNTAX(#"true")

IntermediateTerm: 
<T>(<k>(exit_0(.KList@BASIC-K)),, <entrypoint>(MInt@MINT(#"64'0")),, <nextLoc>(MInt@MINT(#"64'0")),, <memstate>(<cmem>(.Map),, <dmem>(.Map)),, <regstate>(String@STRING-SYNTAX(#""YMM2"") |-> mi(Int@INT-SYNTAX(#"256"),, _472:Int@INT-SYNTAX) String@STRING-SYNTAX(#""RIP"") |-> MInt@MINT(#"64'0") String@STRING-SYNTAX(#""YMM1"") |-> mi(Int@INT-SYNTAX(#"256"),, _472:Int@INT-SYNTAX)   ),, <regstatequeue>(.List())) /\ Bool@BOOL-SYNTAX(#"true")

FinalTerm: 
<T>(<k>(exit_0(.KList@BASIC-K)),, <entrypoint>(MInt@MINT(#"64'0")),, <nextLoc>(MInt@MINT(#"64'0")),, <memstate>(<cmem>(.Map),, <dmem>(.Map)),, <regstate>(String@STRING-SYNTAX(#""YMM2"") |-> mi(Int@INT-SYNTAX(#"256"),, _472:Int@INT-SYNTAX) String@STRING-SYNTAX(#""RIP"") |-> MInt@MINT(#"64'0") String@STRING-SYNTAX(#""YMM1"") |-> mi(Int@INT-SYNTAX(#"256"),, _472:Int@INT-SYNTAX)   ),, <regstatequeue>(.List())) /\ Bool@BOOL-SYNTAX(#"true")
true
[Warning] Critical: missing SMTLib translation for mi
83.14user 1.76system 0:25.47elapsed 333%CPU (0avgtext+0avgdata 947768maxresident)k
0inputs+3696outputs (0major+87565minor)pagefaults 0swaps
