(adcb_r8_rh.s)#2#7
(adcb_rh_r8.s)#1#5
(adcb_rh_rh.s)#2#11
(addb_r8_r8.s)#2#15
(addb_r8_rh.s)#3#17
(addb_rh_r8.s)#2#21
(addb_rh_rh.s)#3#23
(addl_r32_r32.s)#2#9
(addpd_xmm_xmm.s)#1#9
(addps_xmm_xmm.s)#2#14
(addq_r64_r64.s)#0#2
(addsd_xmm_xmm.s)#2#10
(addss_xmm_xmm.s)#2#20
(addsubpd_xmm_xmm.s)#2#70
(addsubps_xmm_xmm.s)#2#71
(addw_r16_r16.s)#1#4
(andb_r8_r8.s)#2#65
(andb_r8_rh.s)#2#80
(andb_rh_r8.s)#3#99
(andb_rh_rh.s)#5#169
(andl_r32_r32.s)#1#59
(andnl_r32_r32_r32.s)#1#43
(andnpd_xmm_xmm.s)#5#21
(andnps_xmm_xmm.s)#4#21
(andnq_r64_r64_r64.s)#0#3
(andpd_xmm_xmm.s)#2#51
(andps_xmm_xmm.s)#2#43
(andq_r64_r64.s)#1#109
(andw_r16_r16.s)#2#242
(blsil_r32_r32.s)#4#244
(blsmskl_r32_r32.s)#4#31
(blsrl_r32_r32.s)#5#103
(bswap_r32.s)#3#17
(bswap_r64.s)#4#161
(btl_r32_r32.s)#4#353
(btq_r64_r64.s)#4#85
(cbtw.s)#0#4
(clc.s)#0#2
(cltd.s)#2#53
(cltq.s)#0#4
(cmc.s)#3#90
(cmovael_r32_r32.s)#1#39
(cmovaeq_r64_r64.s)#5#248
(cmovaew_r16_r16.s)#4#83
(cmoval_r32_r32.s)#4#37
(cmovaq_r64_r64.s)#2#47
(cmovaw_r16_r16.s)#7#85
(cmovbel_r32_r32.s)#6#81
(cmovbeq_r64_r64.s)#2#29
(cmovbew_r16_r16.s)#7#94
(cmovbl_r32_r32.s)#5#32
(cmovbq_r64_r64.s)#4#30
(cmovbw_r16_r16.s)#6#33
(cmovcl_r32_r32.s)#6#32
(cmovcq_r64_r64.s)#6#30
(cmovcw_r16_r16.s)#5#49
(cmovel_r32_r32.s)#5#17
(cmovew_r16_r16.s)#1#46
(cmovgel_r32_r32.s)#2#48
(cmovgeq_r64_r64.s)#6#411
(cmovgew_r16_r16.s)#5#67
(cmovgl_r32_r32.s)#6#52
(cmovgq_r64_r64.s)#7#180
(cmovgw_r16_r16.s)#3#102
(cmovlel_r32_r32.s)#7#102
(cmovleq_r64_r64.s)#3#120
(cmovlew_r16_r16.s)#7#94
(cmovll_r32_r32.s)#6#66
(cmovlq_r64_r64.s)#8#393
(cmovlw_r16_r16.s)#8#46
(cmovnael_r32_r32.s)#4#27
(cmovnaeq_r64_r64.s)#5#30
(cmovnaew_r16_r16.s)#6#54
(cmovnal_r32_r32.s)#5#81
(cmovnaq_r64_r64.s)#3#29
(cmovnaw_r16_r16.s)#8#94
(cmovnbel_r32_r32.s)#4#75
(cmovnbeq_r64_r64.s)#1#47
(cmovnbew_r16_r16.s)#8#85
(cmovnbl_r32_r32.s)#2#39
(cmovnbq_r64_r64.s)#7#281
(cmovnbw_r16_r16.s)#3#61
(cmovncl_r32_r32.s)#2#35
(cmovncq_r64_r64.s)#6#281
(cmovncw_r16_r16.s)#4#61
(cmovnel_r32_r32.s)#4#10
(cmovneq_r64_r64.s)#4#35
(cmovnew_r16_r16.s)#4#32
(cmovngel_r32_r32.s)#6#33
(cmovngeq_r64_r64.s)#9#393
(cmovngew_r16_r16.s)#7#46
(cmovngl_r32_r32.s)#6#102
(cmovngq_r64_r64.s)#4#120
(cmovngw_r16_r16.s)#7#105
(cmovnlel_r32_r32.s)#5#43
(cmovnleq_r64_r64.s)#6#180
(cmovnlew_r16_r16.s)#4#102
(cmovnll_r32_r32.s)#1#48
(cmovnlq_r64_r64.s)#9#398
(cmovnlw_r16_r16.s)#3#61
(cmovnol_r32_r32.s)#7#34
(cmovnoq_r64_r64.s)#7#412
(cmovnow_r16_r16.s)#8#47
(cmovnpl_r32_r32.s)#5#29
(cmovnpq_r64_r64.s)#9#524
(cmovnpw_r16_r16.s)#5#32
(cmovnsl_r32_r32.s)#4#35
(cmovnsq_r64_r64.s)#9#394
(cmovnsw_r16_r16.s)#5#133
(cmovnzl_r32_r32.s)#3#10
(cmovnzq_r64_r64.s)#5#35
(cmovnzw_r16_r16.s)#1#6
(cmovol_r32_r32.s)#7#32
(cmovoq_r64_r64.s)#7#412
(cmovow_r16_r16.s)#8#33
(cmovpel_r32_r32.s)#1#36
(cmovpeq_r64_r64.s)#4#82
(cmovpew_r16_r16.s)#1#115
(cmovpl_r32_r32.s)#2#36
(cmovpol_r32_r32.s)#4#29
(cmovpoq_r64_r64.s)#8#524
(cmovpow_r16_r16.s)#6#32
(cmovpq_r64_r64.s)#5#82
(cmovpw_r16_r16.s)#3#49
(cmovsl_r32_r32.s)#2#49
(cmovsq_r64_r64.s)#7#412
(cmovsw_r16_r16.s)#1#137
(cmovzl_r32_r32.s)#6#26
(cmovzq_r64_r64.s)#0#1
(cmovzw_r16_r16.s)#0#3
(cmpb_r8_r8.s)#6#301
(cmpb_r8_rh.s)#5#260
(cmpb_rh_r8.s)#6#292
(cmpb_rh_rh.s)#6#252
(cmpl_r32_r32.s)#6#200
(cmpq_r64_r64.s)#5#99
(cmpw_r16_r16.s)#6#405
(cmpxchgb_r8_r8.s)#2#380
(cmpxchgb_r8_rh.s)#3#383
(cmpxchgb_rh_r8.s)#3#372
(cmpxchgb_rh_rh.s)#2#371
(cmpxchgq_r64_r64.s)#5#135
(cmpxchgw_r16_r16.s)#1#441
(cqto.s)#1#6
(cvtdq2pd_xmm_xmm.s)#2#10
(cvtdq2ps_xmm_xmm.s)#2#7
(cvtpd2dq_xmm_xmm.s)#1#12
(cvtpd2ps_xmm_xmm.s)#2#7
(cvtps2dq_xmm_xmm.s)#1#6
(cvtps2pd_xmm_xmm.s)#1#3
(cvtsd2sil_r32_xmm.s)#2#14
(cvtsd2ss_xmm_xmm.s)#2#21
(cvtsi2sdl_xmm_r32.s)#2#68
(cvtsi2ssl_xmm_r32.s)#2#65
(cvtss2sd_xmm_xmm.s)#0#3
(cvtss2sil_r32_xmm.s)#1#8
(cvttpd2dq_xmm_xmm.s)#1#8
(cvttps2dq_xmm_xmm.s)#1#38
(cvttsd2sil_r32_xmm.s)#3#25
(cvttss2sil_r32_xmm.s)#1#9
(cwtd.s)#3#11
(cwtl.s)#2#26
(decb_r8.s)#0#3
(decb_rh.s)#4#82
(decl_r32.s)#2#15
(decq_r64.s)#1#3
(decw_r16.s)#2#13
(divpd_xmm_xmm.s)#1#9
(divps_xmm_xmm.s)#1#9
(divsd_xmm_xmm.s)#2#11
(divss_xmm_xmm.s)#2#24
(haddpd_xmm_xmm.s)#1#24
(haddps_xmm_xmm.s)#1#211
(hsubpd_xmm_xmm.s)#1#46
(hsubps_xmm_xmm.s)#1#367
(incb_r8.s)#1#5
(incb_rh.s)#2#17
(incl_r32.s)#0#5
(incq_r64.s)#1#57
(incw_r16.s)#0#4
(maxpd_xmm_xmm.s)#3#13
(maxps_xmm_xmm.s)#2#9
(maxsd_xmm_xmm.s)#2#20
(maxss_xmm_xmm.s)#1#21
(minpd_xmm_xmm.s)#2#13
(minps_xmm_xmm.s)#2#11
(minsd_xmm_xmm.s)#3#22
(minss_xmm_xmm.s)#3#14
(movapd_xmm_xmm.s)#0#2
(movaps_xmm_xmm.s)#0#2
(movb_r8_r8.s)#2#22
(movb_rh_rh.s)#1#5
(movddup_xmm_xmm.s)#0#3
(movdqa_xmm_xmm.s)#0#2
(movdqu_xmm_xmm.s)#0#2
(movd_r32_xmm.s)#0#4
(movd_xmm_r32.s)#3#54
(movhlps_xmm_xmm.s)#4#8
(movlhps_xmm_xmm.s)#1#5
(movl_r32_r32.s)#2#9
(movmskpd_r32_xmm.s)#3#47
(movmskpd_r64_xmm.s)#2#46
(movmskps_r32_xmm.s)#1#287
(movmskps_r64_xmm.s)#2#287
(movq_r64_xmm.s)#1#3
(movq_xmm_r64.s)#2#15
(movq_xmm_xmm.s)#1#3
(movsbl_r32_r8.s)#0#5
(movsbl_r32_rh.s)#1#7
(movsbw_r16_r8.s)#1#28
(movsbw_r16_rh.s)#1#6
(movsd_xmm_xmm.s)#1#4
(movshdup_xmm_xmm.s)#1#67
(movsldup_xmm_xmm.s)#1#28
(movss_xmm_xmm.s)#1#8
(movswl_r32_r16.s)#1#13
(movupd_xmm_xmm.s)#1#2
(movups_xmm_xmm.s)#0#2
(movw_r16_r16.s)#0#1
(movzbl_r32_r8.s)#2#8
(movzbl_r32_rh.s)#0#2
(movzbq_r64_r8.s)#1#5
(movzbw_r16_r8.s)#0#4
(movzbw_r16_rh.s)#0#3
(movzwl_r32_r16.s)#0#3
(movzwq_r64_r16.s)#3#22
(mulpd_xmm_xmm.s)#1#9
(mulps_xmm_xmm.s)#1#8
(mulsd_xmm_xmm.s)#1#10
(mulss_xmm_xmm.s)#1#10
(negb_r8.s)#2#44
(negb_rh.s)#3#65
(negl_r32.s)#4#201
(negq_r64.s)#1#189
(negw_r16.s)#1#21
(nopl_r32.s)#0#0
(nop.s)#0#0
(nopw_r16.s)#0#0
(notb_r8.s)#2#25
(notb_rh.s)#2#50
(notl_r32.s)#2#10
(notq_r64.s)#2#7
(notw_r16.s)#1#12
(orb_r8_r8.s)#5#81
(orb_r8_rh.s)#4#65
(orb_rh_r8.s)#2#46
(orb_rh_rh.s)#3#49
(orl_r32_r32.s)#1#26
(orpd_xmm_xmm.s)#2#9
(orps_xmm_xmm.s)#1#9
(orw_r16_r16.s)#1#8
(paddd_xmm_xmm.s)#3#240
(paddq_xmm_xmm.s)#1#11
(pandn_xmm_xmm.s)#3#19
(pand_xmm_xmm.s)#1#32
(phaddd_xmm_xmm.s)#2#120
(phsubd_xmm_xmm.s)#3#582
(pmovsxbd_xmm_xmm.s)#1#802
(pmovsxbq_xmm_xmm.s)#2#1624
(pmovsxdq_xmm_xmm.s)#1#7
(pmovsxwd_xmm_xmm.s)#1#1676
(pmovsxwq_xmm_xmm.s)#1#1683
(pmovzxbd_xmm_xmm.s)#1#515
(pmovzxbq_xmm_xmm.s)#3#64
(pmovzxdq_xmm_xmm.s)#2#21
(pmovzxwd_xmm_xmm.s)#1#415
(pmovzxwq_xmm_xmm.s)#1#12
(popcntl_r32_r32.s)#3#10
(popcntw_r16_r16.s)#1#7
(por_xmm_xmm.s)#1#11
(psubd_xmm_xmm.s)#1#782
(psubq_xmm_xmm.s)#2#204
(punpckhdq_xmm_xmm.s)#1#28
(punpckhqdq_xmm_xmm.s)#3#6
(punpckhwd_xmm_xmm.s)#3#1344
(punpckldq_xmm_xmm.s)#2#94
(punpcklqdq_xmm_xmm.s)#2#5
(punpcklwd_xmm_xmm.s)#2#1331
(pxor_xmm_xmm.s)#2#8
(rclb_r8_one.s)#3#10
(rclb_rh_one.s)#3#105
(rcll_r32_one.s)#0#2
(rclq_r64_one.s)#0#1
(rclw_r16_one.s)#0#1
(rcpps_xmm_xmm.s)#1#7
(rcpss_xmm_xmm.s)#1#10
(rolb_r8_one.s)#2#18
(rolb_rh_one.s)#2#55
(roll_r32_one.s)#1#21
(rolq_r64_one.s)#1#10
(rolw_r16_one.s)#1#5
(rorb_r8_one.s)#3#103
(rorb_rh_one.s)#3#129
(rorw_r16_one.s)#4#323
(rsqrtps_xmm_xmm.s)#1#7
(rsqrtss_xmm_xmm.s)#2#26
(salb_r8_one.s)#2#8
(salb_rh_one.s)#3#13
(sall_r32_one.s)#2#7
(salq_r64_one.s)#2#13
(salw_r16_one.s)#3#21
(sarb_r8_one.s)#4#86
(sarb_rh_one.s)#4#115
(sarl_r32_one.s)#3#94
(sarq_r64_one.s)#3#84
(sarw_r16_one.s)#1#89
(sarxq_r64_r64_r64.s)#0#5
(sbbb_r8_r8.s)#1#233
(sbbb_r8_rh.s)#2#235
(sbbb_rh_r8.s)#4#210
(sbbb_rh_rh.s)#4#241
(sbbl_r32_r32.s)#4#192
(sbbq_r64_r64.s)#4#188
(sbbw_r16_r16.s)#4#194
(setae_r8.s)#0#3
(setae_rh.s)#3#9
(seta_r8.s)#2#21
(seta_rh.s)#1#14
(setbe_r8.s)#0#5
(setbe_rh.s)#2#33
(setb_r8.s)#0#3
(setb_rh.s)#1#2
(setc_r8.s)#1#3
(setc_rh.s)#0#2
(sete_r8.s)#0#1
(sete_rh.s)#3#27
(setge_r8.s)#2#26
(setge_rh.s)#3#29
(setg_r8.s)#6#64
(setg_rh.s)#5#88
(setle_r8.s)#5#40
(setle_rh.s)#3#20
(setl_r8.s)#3#14
(setl_rh.s)#2#13
(setnae_r8.s)#1#7
(setnae_rh.s)#0#2
(setna_r8.s)#4#53
(setna_rh.s)#3#33
(setnbe_r8.s)#2#14
(setnbe_rh.s)#3#39
(setnb_r8.s)#2#84
(setnb_rh.s)#2#7
(setnc_r8.s)#3#64
(setnc_rh.s)#2#9
(setne_r8.s)#2#28
(setne_rh.s)#2#5
(setnge_r8.s)#3#39
(setnge_rh.s)#1#13
(setng_r8.s)#4#40
(setng_rh.s)#4#20
(setnle_r8.s)#5#64
(setnle_rh.s)#4#88
(setnl_r8.s)#3#26
(setnl_rh.s)#4#31
(setno_r8.s)#1#13
(setno_rh.s)#0#4
(setnp_r8.s)#0#3
(setnp_rh.s)#0#6
(setns_r8.s)#1#12
(setns_rh.s)#5#53
(setnz_r8.s)#3#23
(setnz_rh.s)#1#5
(seto_r8.s)#0#3
(seto_rh.s)#2#28
(setpe_r8.s)#2#8
(setpe_rh.s)#1#30
(setpo_r8.s)#1#12
(setpo_rh.s)#2#40
(setp_r8.s)#0#1
(setp_rh.s)#3#30
(sets_r8.s)#0#1
(sets_rh.s)#1#34
(setz_r8.s)#0#1
(setz_rh.s)#2#21
(shlb_r8_one.s)#1#6
(shlb_rh_one.s)#2#13
(shll_r32_one.s)#1#7
(shlq_r64_cl.s)#0#1
(shlq_r64_one.s)#1#3
(shlw_r16_one.s)#2#21
(shlxq_r64_r64_r64.s)#0#5
(shrxl_r32_r32_r32.s)#2#269
(shrxq_r64_r64_r64.s)#1#20
(sqrtpd_xmm_xmm.s)#1#12
(sqrtps_xmm_xmm.s)#1#8
(sqrtsd_xmm_xmm.s)#2#20
(sqrtss_xmm_xmm.s)#1#23
(stc.s)#0#1
(subb_r8_r8.s)#6#294
(subb_r8_rh.s)#3#247
(subb_rh_r8.s)#5#292
(subb_rh_rh.s)#5#252
(subl_r32_r32.s)#5#200
(subpd_xmm_xmm.s)#1#29
(subps_xmm_xmm.s)#1#15
(subq_r64_r64.s)#4#99
(subsd_xmm_xmm.s)#2#26
(subss_xmm_xmm.s)#2#21
(subw_r16_r16.s)#5#405
(testb_r8_r8.s)#3#61
(testb_r8_rh.s)#4#64
(testb_rh_r8.s)#5#162
(testb_rh_rh.s)#5#66
(testl_r32_r32.s)#2#51
(testq_r64_r64.s)#5#102
(testw_r16_r16.s)#2#79
(tzcntl_r32_r32.s)#4#151
(tzcntw_r16_r16.s)#5#192
(unpckhpd_xmm_xmm.s)#2#6
(unpckhps_xmm_xmm.s)#2#74
(unpcklpd_xmm_xmm.s)#1#7
(unpcklps_xmm_xmm.s)#1#94
(vaddpd_xmm_xmm_xmm.s)#0#6
(vaddps_xmm_xmm_xmm.s)#1#12
(vaddsd_xmm_xmm_xmm.s)#3#13
(vaddss_xmm_xmm_xmm.s)#2#24
(vaddsubpd_xmm_xmm_xmm.s)#3#73
(vaddsubps_xmm_xmm_xmm.s)#3#74
(vandnpd_xmm_xmm_xmm.s)#1#20
(vandnpd_ymm_ymm_ymm.s)#4#68
(vandnps_xmm_xmm_xmm.s)#2#14
(vandnps_ymm_ymm_ymm.s)#5#71
(vandpd_xmm_xmm_xmm.s)#2#35
(vandpd_ymm_ymm_ymm.s)#3#78
(vandps_xmm_xmm_xmm.s)#1#38
(vandps_ymm_ymm_ymm.s)#2#78
(vbroadcastsd_ymm_xmm.s)#1#9
(vbroadcastss_xmm_xmm.s)#1#10
(vbroadcastss_ymm_xmm.s)#2#22
(vcvtdq2pd_xmm_xmm.s)#3#13
(vcvtdq2ps_xmm_xmm.s)#0#5
(vcvtpd2dqx_xmm_xmm.s)#2#10
(vcvtpd2ps_xmm_xmm.s)#0#4
(vcvtps2dq_xmm_xmm.s)#0#4
(vcvtps2pd_xmm_xmm.s)#0#5
(vcvtsd2sil_r32_xmm.s)#1#14
(vcvtsd2ss_xmm_xmm_xmm.s)#3#24
(vcvtsi2sdl_xmm_xmm_r32.s)#2#64
(vcvtsi2ssl_xmm_xmm_r32.s)#1#70
(vcvtss2sd_xmm_xmm_xmm.s)#1#6
(vcvtss2sil_r32_xmm.s)#1#9
(vcvttpd2dq_xmm_xmm.s)#1#6
(vcvttps2dq_xmm_xmm.s)#3#36
(vcvttsd2sil_r32_xmm.s)#1#8
(vcvttss2sil_r32_xmm.s)#2#26
(vdivpd_xmm_xmm_xmm.s)#2#18
(vdivps_xmm_xmm_xmm.s)#1#16
(vdivsd_xmm_xmm_xmm.s)#3#14
(vdivss_xmm_xmm_xmm.s)#1#29
(vfmadd132pd_xmm_xmm_xmm.s)#4#74
(vfmadd132ps_xmm_xmm_xmm.s)#2#103
(vfmadd132sd_xmm_xmm_xmm.s)#2#81
(vfmadd132ss_xmm_xmm_xmm.s)#2#58
(vfmadd213pd_xmm_xmm_xmm.s)#5#77
(vfmadd213pd_ymm_ymm_ymm.s)#0#2
(vfmadd213ps_xmm_xmm_xmm.s)#4#94
(vfmadd213ps_ymm_ymm_ymm.s)#0#2
(vfmadd213sd_xmm_xmm_xmm.s)#2#120
(vfmadd213ss_xmm_xmm_xmm.s)#2#25
(vfmadd231pd_xmm_xmm_xmm.s)#3#71
(vfmadd231pd_ymm_ymm_ymm.s)#1#2
(vfmadd231ps_xmm_xmm_xmm.s)#1#13
(vfmadd231ps_ymm_ymm_ymm.s)#0#3
(vfmadd231sd_xmm_xmm_xmm.s)#2#84
(vfmadd231ss_xmm_xmm_xmm.s)#2#36
(vfmaddsub132pd_xmm_xmm_xmm.s)#1#141
(vfmaddsub132ps_xmm_xmm_xmm.s)#3#217
(vfmaddsub213pd_xmm_xmm_xmm.s)#2#436
(vfmaddsub213ps_xmm_xmm_xmm.s)#5#186
(vfmaddsub231pd_xmm_xmm_xmm.s)#4#422
(vfmaddsub231ps_xmm_xmm_xmm.s)#2#195
(vfmsub132pd_xmm_xmm_xmm.s)#1#41
(vfmsub132ps_xmm_xmm_xmm.s)#1#10
(vfmsub132sd_xmm_xmm_xmm.s)#1#68
(vfmsub132ss_xmm_xmm_xmm.s)#2#25
(vfmsub213pd_xmm_xmm_xmm.s)#2#49
(vfmsub213pd_ymm_ymm_ymm.s)#0#2
(vfmsub213ps_xmm_xmm_xmm.s)#2#16
(vfmsub213ps_ymm_ymm_ymm.s)#0#2
(vfmsub213sd_xmm_xmm_xmm.s)#3#69
(vfmsub213ss_xmm_xmm_xmm.s)#3#583
(vfmsub231pd_xmm_xmm_xmm.s)#2#52
(vfmsub231pd_ymm_ymm_ymm.s)#0#4
(vfmsub231ps_xmm_xmm_xmm.s)#1#13
(vfmsub231ps_ymm_ymm_ymm.s)#0#3
(vfmsub231sd_xmm_xmm_xmm.s)#2#59
(vfmsub231ss_xmm_xmm_xmm.s)#2#20
(vfmsubadd132pd_xmm_xmm_xmm.s)#4#171
(vfmsubadd132ps_xmm_xmm_xmm.s)#4#726
(vfmsubadd213pd_xmm_xmm_xmm.s)#3#212
(vfmsubadd213ps_xmm_xmm_xmm.s)#2#740
(vfmsubadd231pd_xmm_xmm_xmm.s)#3#168
(vfmsubadd231ps_xmm_xmm_xmm.s)#3#723
(vfnmadd132pd_xmm_xmm_xmm.s)#3#117
(vfnmadd132ps_xmm_xmm_xmm.s)#2#21
(vfnmadd132sd_xmm_xmm_xmm.s)#2#64
(vfnmadd132ss_xmm_xmm_xmm.s)#3#83
(vfnmadd213pd_xmm_xmm_xmm.s)#2#23
(vfnmadd213pd_ymm_ymm_ymm.s)#0#2
(vfnmadd213ps_xmm_xmm_xmm.s)#1#18
(vfnmadd213ps_ymm_ymm_ymm.s)#0#2
(vfnmadd213sd_xmm_xmm_xmm.s)#3#357
(vfnmadd213ss_xmm_xmm_xmm.s)#3#146
(vfnmadd231pd_xmm_xmm_xmm.s)#1#20
(vfnmadd231pd_ymm_ymm_ymm.s)#0#3
(vfnmadd231ps_xmm_xmm_xmm.s)#3#24
(vfnmadd231ps_ymm_ymm_ymm.s)#0#3
(vfnmadd231sd_xmm_xmm_xmm.s)#3#169
(vfnmadd231ss_xmm_xmm_xmm.s)#2#125
(vfnmsub132pd_xmm_xmm_xmm.s)#2#47
(vfnmsub132ps_xmm_xmm_xmm.s)#2#20
(vfnmsub132sd_xmm_xmm_xmm.s)#3#104
(vfnmsub132ss_xmm_xmm_xmm.s)#2#28
(vfnmsub213pd_xmm_xmm_xmm.s)#3#50
(vfnmsub213pd_ymm_ymm_ymm.s)#0#2
(vfnmsub213ps_xmm_xmm_xmm.s)#1#20
(vfnmsub213ps_ymm_ymm_ymm.s)#0#2
(vfnmsub213sd_xmm_xmm_xmm.s)#2#161
(vfnmsub213ss_xmm_xmm_xmm.s)#2#33
(vfnmsub231pd_xmm_xmm_xmm.s)#4#61
(vfnmsub231pd_ymm_ymm_ymm.s)#0#2
(vfnmsub231ps_xmm_xmm_xmm.s)#1#15
(vfnmsub231ps_ymm_ymm_ymm.s)#0#3
(vfnmsub231sd_xmm_xmm_xmm.s)#1#174
(vfnmsub231ss_xmm_xmm_xmm.s)#3#181
(vhaddpd_xmm_xmm_xmm.s)#2#22
(vhaddpd_ymm_ymm_ymm.s)#3#52
(vhaddps_xmm_xmm_xmm.s)#3#206
(vhaddps_ymm_ymm_ymm.s)#2#425
(vhsubpd_xmm_xmm_xmm.s)#2#44
(vhsubpd_ymm_ymm_ymm.s)#1#56
(vhsubps_xmm_xmm_xmm.s)#1#374
(vhsubps_ymm_ymm_ymm.s)#5#508
(vmaxpd_xmm_xmm_xmm.s)#2#11
(vmaxps_xmm_xmm_xmm.s)#1#7
(vmaxsd_xmm_xmm_xmm.s)#2#18
(vmaxss_xmm_xmm_xmm.s)#2#19
(vminpd_xmm_xmm_xmm.s)#1#11
(vminps_xmm_xmm_xmm.s)#1#9
(vminsd_xmm_xmm_xmm.s)#2#21
(vminss_xmm_xmm_xmm.s)#4#19
(vmovapd_xmm_xmm.s)#0#3
(vmovapd_ymm_ymm.s)#1#3
(vmovaps_xmm_xmm.s)#0#3
(vmovaps_ymm_ymm.s)#1#1
(vmovddup_xmm_xmm.s)#1#6
(vmovddup_ymm_ymm.s)#1#12
(vmovdqa_xmm_xmm.s)#0#3
(vmovdqa_ymm_ymm.s)#0#1
(vmovdqu_xmm_xmm.s)#0#5
(vmovdqu_ymm_ymm.s)#0#2
(vmovd_r32_xmm.s)#2#5
(vmovd_xmm_r32.s)#2#52
(vmovhlps_xmm_xmm_xmm.s)#0#5
(vmovlhps_xmm_xmm_xmm.s)#1#8
(vmovmskpd_r32_xmm.s)#1#46
(vmovmskpd_r32_ymm.s)#3#134
(vmovmskpd_r64_xmm.s)#2#47
(vmovmskpd_r64_ymm.s)#2#125
(vmovmskps_r32_xmm.s)#3#282
(vmovmskps_r64_xmm.s)#3#282
(vmovq_r64_xmm.s)#0#2
(vmovq_xmm_r64.s)#0#4
(vmovq_xmm_xmm.s)#2#11
(vmovsd_xmm_xmm_xmm.s)#1#9
(vmovshdup_xmm_xmm.s)#2#63
(vmovshdup_ymm_ymm.s)#2#156
(vmovsldup_xmm_xmm.s)#1#26
(vmovsldup_ymm_ymm.s)#1#57
(vmovss_xmm_xmm_xmm.s)#1#12
(vmovupd_xmm_xmm.s)#0#3
(vmovupd_ymm_ymm.s)#0#3
(vmovups_xmm_xmm.s)#0#3
(vmovups_ymm_ymm.s)#1#5
(vmulpd_xmm_xmm_xmm.s)#1#14
(vmulps_xmm_xmm_xmm.s)#0#6
(vmulsd_xmm_xmm_xmm.s)#1#13
(vmulss_xmm_xmm_xmm.s)#1#16
(vorpd_xmm_xmm_xmm.s)#0#6
(vorpd_ymm_ymm_ymm.s)#3#23
(vorps_xmm_xmm_xmm.s)#1#6
(vorps_ymm_ymm_ymm.s)#4#23
(vpaddd_xmm_xmm_xmm.s)#4#243
(vpaddd_ymm_ymm_ymm.s)#4#483
(vpaddq_xmm_xmm_xmm.s)#1#14
(vpandn_xmm_xmm_xmm.s)#3#35
(vpandn_ymm_ymm_ymm.s)#5#68
(vpand_xmm_xmm_xmm.s)#2#38
(vpand_ymm_ymm_ymm.s)#4#78
(vpbroadcastb_xmm_xmm.s)#3#63
(vpbroadcastb_ymm_xmm.s)#4#127
(vpbroadcastd_xmm_xmm.s)#2#12
(vpbroadcastd_ymm_xmm.s)#1#16
(vpbroadcastq_xmm_xmm.s)#0#4
(vpbroadcastq_ymm_xmm.s)#1#9
(vpbroadcastw_xmm_xmm.s)#2#68
(vpbroadcastw_ymm_xmm.s)#3#48
(vphaddd_xmm_xmm_xmm.s)#2#129
(vphaddd_ymm_ymm_ymm.s)#3#243
(vphsubd_xmm_xmm_xmm.s)#1#648
(vphsubd_ymm_ymm_ymm.s)#1#1236
(vpmovsxbd_xmm_xmm.s)#2#805
(vpmovsxbd_ymm_xmm.s)#2#1612
(vpmovsxbq_xmm_xmm.s)#1#825
(vpmovsxbq_ymm_xmm.s)#2#820
(vpmovsxdq_xmm_xmm.s)#0#5
(vpmovsxdq_ymm_xmm.s)#2#157
(vpmovsxwd_xmm_xmm.s)#1#3380
(vpmovsxwd_ymm_xmm.s)#2#3366
(vpmovsxwq_xmm_xmm.s)#1#1681
(vpmovsxwq_ymm_xmm.s)#3#3526
(vpmovzxbd_xmm_xmm.s)#2#513
(vpmovzxbd_ymm_xmm.s)#3#1048
(vpmovzxbq_xmm_xmm.s)#3#31
(vpmovzxbq_ymm_xmm.s)#4#79
(vpmovzxdq_xmm_xmm.s)#0#6
(vpmovzxdq_ymm_xmm.s)#2#59
(vpmovzxwd_xmm_xmm.s)#2#391
(vpmovzxwd_ymm_xmm.s)#3#787
(vpmovzxwq_xmm_xmm.s)#0#6
(vpmovzxwq_ymm_xmm.s)#1#475
(vpor_xmm_xmm_xmm.s)#1#9
(vpor_ymm_ymm_ymm.s)#4#24
(vpsubd_xmm_xmm_xmm.s)#2#780
(vpsubd_ymm_ymm_ymm.s)#2#1476
(vpsubq_xmm_xmm_xmm.s)#5#202
(vpunpckhdq_xmm_xmm_xmm.s)#1#31
(vpunpckhdq_ymm_ymm_ymm.s)#3#106
(vpunpckhqdq_xmm_xmm_xmm.s)#0#5
(vpunpckhqdq_ymm_ymm_ymm.s)#4#15
(vpunpckhwd_xmm_xmm_xmm.s)#4#1338
(vpunpckhwd_ymm_ymm_ymm.s)#5#2701
(vpunpckldq_xmm_xmm_xmm.s)#1#141
(vpunpckldq_ymm_ymm_ymm.s)#2#135
(vpunpcklqdq_xmm_xmm_xmm.s)#0#5
(vpunpcklqdq_ymm_ymm_ymm.s)#4#39
(vpunpcklwd_xmm_xmm_xmm.s)#3#1334
(vpunpcklwd_ymm_ymm_ymm.s)#4#2671
(vpxor_xmm_xmm_xmm.s)#1#8
(vpxor_ymm_ymm_ymm.s)#5#170
(vrcpps_xmm_xmm.s)#0#5
(vrcpss_xmm_xmm_xmm.s)#2#25
(vrsqrtps_xmm_xmm.s)#0#5
(vrsqrtss_xmm_xmm_xmm.s)#3#29
(vsqrtpd_xmm_xmm.s)#1#8
(vsqrtps_xmm_xmm.s)#0#5
(vsqrtsd_xmm_xmm_xmm.s)#3#23
(vsqrtss_xmm_xmm_xmm.s)#2#40
(vsubpd_xmm_xmm_xmm.s)#1#7
(vsubps_xmm_xmm_xmm.s)#1#29
(vsubsd_xmm_xmm_xmm.s)#3#15
(vsubss_xmm_xmm_xmm.s)#2#22
(vunpckhpd_xmm_xmm_xmm.s)#5#16
(vunpckhpd_ymm_ymm_ymm.s)#3#15
(vunpckhps_xmm_xmm_xmm.s)#3#26
(vunpckhps_ymm_ymm_ymm.s)#2#105
(vunpcklpd_xmm_xmm_xmm.s)#2#7
(vunpcklpd_ymm_ymm_ymm.s)#5#39
(vunpcklps_xmm_xmm_xmm.s)#2#144
(vunpcklps_ymm_ymm_ymm.s)#3#134
(vxorpd_xmm_xmm_xmm.s)#2#11
(vxorpd_ymm_ymm_ymm.s)#6#172
(vxorps_xmm_xmm_xmm.s)#0#6
(vxorps_ymm_ymm_ymm.s)#5#170
(xaddb_r8_r8.s)#1#14
(xaddb_r8_rh.s)#1#19
(xaddb_rh_r8.s)#2#17
(xaddb_rh_rh.s)#3#63
(xaddl_r32_r32.s)#1#8
(xaddq_r64_r64.s)#1#8
(xaddw_r16_r16.s)#2#8
(xchgb_r8_r8.s)#1#43
(xchgb_r8_rh.s)#2#19
(xchgb_rh_r8.s)#3#19
(xchgb_rh_rh.s)#1#30
(xchgl_eax_r32.s)#1#6
(xchgl_r32_eax.s)#1#8
(xchgl_r32_r32.s)#0#6
(xchgq_r64_r64.s)#0#5
(xchgq_r64_rax.s)#1#7
(xchgq_rax_r64.s)#1#5
(xchgw_ax_r16.s)#2#6
(xchgw_r16_ax.s)#1#6
(xchgw_r16_r16.s)#0#4
(xorb_r8_r8.s)#2#11
(xorb_r8_rh.s)#1#9
(xorb_rh_r8.s)#1#45
(xorb_rh_rh.s)#2#73
(xorl_r32_r32.s)#1#8
(xorpd_xmm_xmm.s)#3#8
(xorps_xmm_xmm.s)#1#8
(xorw_r16_r16.s)#0#9
